2023-03-19 14:30:55.817 INFO  (main) [   ] o.e.j.u.log Logging initialized @6082ms to org.eclipse.jetty.util.log.Slf4jLog
2023-03-19 14:30:56.438 INFO  (main) [   ] o.e.j.s.Server jetty-9.4.44.v20210927; built: 2021-09-27T23:02:44.612Z; git: 8da83308eeca865e495e53ef315a249d63ba9332; jvm 19.0.2+7-44
2023-03-19 14:30:56.471 INFO  (main) [   ] o.e.j.d.p.ScanningAppProvider Deployment monitor [file:///Users/khush/Desktop/Information-Retrieval/solr/server/contexts/] at interval 0
2023-03-19 14:30:57.492 INFO  (main) [   ] o.e.j.w.StandardDescriptorProcessor NO JSP Support for /solr, did not find org.apache.jasper.servlet.JspServlet
2023-03-19 14:30:57.518 INFO  (main) [   ] o.e.j.s.session DefaultSessionIdManager workerName=node0
2023-03-19 14:30:57.518 INFO  (main) [   ] o.e.j.s.session No SessionScavenger set, using defaults
2023-03-19 14:30:57.529 INFO  (main) [   ] o.e.j.s.session node0 Scavenging every 660000ms
2023-03-19 14:30:57.715 INFO  (main) [   ] o.a.s.s.SolrDispatchFilter Using logger factory org.apache.logging.slf4j.Log4jLoggerFactory
2023-03-19 14:30:57.722 INFO  (main) [   ] o.a.s.s.SolrDispatchFilter  ___      _       Welcome to Apache Solr™ version 8.11.2
2023-03-19 14:30:57.722 INFO  (main) [   ] o.a.s.s.SolrDispatchFilter / __| ___| |_ _   Starting in standalone mode on port 8983
2023-03-19 14:30:57.722 INFO  (main) [   ] o.a.s.s.SolrDispatchFilter \__ \/ _ \ | '_|  Install dir: /Users/khush/Desktop/Information-Retrieval/solr
2023-03-19 14:30:57.724 INFO  (main) [   ] o.a.s.s.SolrDispatchFilter |___/\___/_|_|    Start time: 2023-03-19T14:30:57.724206Z
2023-03-19 14:30:57.750 INFO  (main) [   ] o.a.s.c.SolrPaths Using system property solr.solr.home: /Users/khush/Desktop/Information-Retrieval/solr/server/solr
2023-03-19 14:30:57.751 INFO  (main) [   ] o.a.s.c.SolrXmlConfig Loading container configuration from /Users/khush/Desktop/Information-Retrieval/solr/server/solr/solr.xml
2023-03-19 14:30:57.948 INFO  (main) [   ] o.a.s.c.SolrXmlConfig MBean server found: com.sun.jmx.mbeanserver.JmxMBeanServer@402c4085, but no JMX reporters were configured - adding default JMX reporter.
2023-03-19 14:30:59.378 INFO  (main) [   ] o.a.s.h.c.HttpShardHandlerFactory Host whitelist initialized: WhitelistHostChecker [whitelistHosts=null, whitelistHostCheckingEnabled=true]
2023-03-19 14:31:00.343 WARN  (main) [   ] o.e.j.u.s.S.config Trusting all certificates configured for Client@f08fdce[provider=null,keyStore=null,trustStore=null]
2023-03-19 14:31:00.344 WARN  (main) [   ] o.e.j.u.s.S.config No Client EndPointIdentificationAlgorithm configured for Client@f08fdce[provider=null,keyStore=null,trustStore=null]
2023-03-19 14:31:00.975 WARN  (main) [   ] o.e.j.u.s.S.config Trusting all certificates configured for Client@51288417[provider=null,keyStore=null,trustStore=null]
2023-03-19 14:31:00.985 WARN  (main) [   ] o.e.j.u.s.S.config No Client EndPointIdentificationAlgorithm configured for Client@51288417[provider=null,keyStore=null,trustStore=null]
2023-03-19 14:31:01.102 WARN  (main) [   ] o.a.s.c.CoreContainer Not all security plugins configured!  authentication=disabled authorization=disabled.  Solr is only as secure as you make it. Consider configuring authentication/authorization before exposing Solr to users internal or external.  See https://s.apache.org/solrsecurity for more info
2023-03-19 14:31:01.996 INFO  (main) [   ] o.a.s.c.TransientSolrCoreCacheDefault Allocating transient core cache for max 2147483647 cores with initial capacity of 1024
2023-03-19 14:31:02.022 INFO  (main) [   ] o.a.s.h.a.MetricsHistoryHandler No .system collection, keeping metrics history in memory.
2023-03-19 14:31:02.370 INFO  (main) [   ] o.a.s.m.r.SolrJmxReporter JMX monitoring for 'solr.node' (registry 'solr.node') enabled at server: com.sun.jmx.mbeanserver.JmxMBeanServer@402c4085
2023-03-19 14:31:02.371 INFO  (main) [   ] o.a.s.m.r.SolrJmxReporter JMX monitoring for 'solr.jvm' (registry 'solr.jvm') enabled at server: com.sun.jmx.mbeanserver.JmxMBeanServer@402c4085
2023-03-19 14:31:02.374 INFO  (main) [   ] o.a.s.m.r.SolrJmxReporter JMX monitoring for 'solr.jetty' (registry 'solr.jetty') enabled at server: com.sun.jmx.mbeanserver.JmxMBeanServer@402c4085
2023-03-19 14:31:02.475 INFO  (main) [   ] o.a.s.c.CorePropertiesLocator Found 2 core definitions underneath /Users/khush/Desktop/Information-Retrieval/solr/server/solr
2023-03-19 14:31:02.477 INFO  (main) [   ] o.a.s.c.CorePropertiesLocator Cores are: [Combined, Combined_reviews]
2023-03-19 14:31:02.537 INFO  (coreLoadExecutor-13-thread-1) [   x:Combined] o.a.s.c.SolrConfig Using Lucene MatchVersion: 8.11.2
2023-03-19 14:31:02.537 INFO  (coreLoadExecutor-13-thread-2) [   x:Combined_reviews] o.a.s.c.SolrConfig Using Lucene MatchVersion: 8.11.2
2023-03-19 14:31:02.592 WARN  (coreLoadExecutor-13-thread-1) [   x:Combined] o.a.s.c.SolrConfig solrconfig.xml: <jmx> is no longer supported, use solr.xml:/metrics/reporter section instead
2023-03-19 14:31:02.593 WARN  (coreLoadExecutor-13-thread-2) [   x:Combined_reviews] o.a.s.c.SolrConfig solrconfig.xml: <jmx> is no longer supported, use solr.xml:/metrics/reporter section instead
2023-03-19 14:31:02.713 INFO  (coreLoadExecutor-13-thread-1) [   x:Combined] o.a.s.s.IndexSchema Schema name=default-config
2023-03-19 14:31:02.735 INFO  (coreLoadExecutor-13-thread-2) [   x:Combined_reviews] o.a.s.s.IndexSchema Schema name=default-config
2023-03-19 14:31:02.910 INFO  (main) [   ] o.e.j.s.h.ContextHandler Started o.e.j.w.WebAppContext@6d366c9b{/solr,file:///Users/khush/Desktop/Information-Retrieval/solr/server/solr-webapp/webapp/,AVAILABLE}{/Users/khush/Desktop/Information-Retrieval/solr/server/solr-webapp/webapp}
2023-03-19 14:31:02.942 INFO  (main) [   ] o.e.j.s.AbstractConnector Started ServerConnector@c5ee75e{HTTP/1.1, (http/1.1, h2c)}{0.0.0.0:8983}
2023-03-19 14:31:02.943 INFO  (main) [   ] o.e.j.s.Server Started @13212ms
2023-03-19 14:31:03.607 WARN  (coreLoadExecutor-13-thread-2) [   x:Combined_reviews] o.a.s.s.AbstractSpatialPrefixTreeFieldType FieldType SpatialRecursivePrefixTreeFieldType does not allow omitNorms to be specified in schema, hardcoded behavior is omitNorms=true
2023-03-19 14:31:03.607 WARN  (coreLoadExecutor-13-thread-2) [   x:Combined_reviews] o.a.s.s.AbstractSpatialPrefixTreeFieldType FieldType SpatialRecursivePrefixTreeFieldType does not allow omitTermFreqAndPositions to be specified in schema, hardcoded behavior is omitTermFreqAndPositions=true
2023-03-19 14:31:03.607 WARN  (coreLoadExecutor-13-thread-2) [   x:Combined_reviews] o.a.s.s.AbstractSpatialPrefixTreeFieldType FieldType SpatialRecursivePrefixTreeFieldType does not allow termOffsets to be specified in schema, hardcoded behavior is termOffsets=false
2023-03-19 14:31:03.607 WARN  (coreLoadExecutor-13-thread-2) [   x:Combined_reviews] o.a.s.s.AbstractSpatialPrefixTreeFieldType FieldType SpatialRecursivePrefixTreeFieldType does not allow termPositions to be specified in schema, hardcoded behavior is termPositions=false
2023-03-19 14:31:03.608 WARN  (coreLoadExecutor-13-thread-2) [   x:Combined_reviews] o.a.s.s.AbstractSpatialPrefixTreeFieldType FieldType SpatialRecursivePrefixTreeFieldType does not allow omitPositions to be specified in schema, hardcoded behavior is omitPositions=true
2023-03-19 14:31:03.608 WARN  (coreLoadExecutor-13-thread-1) [   x:Combined] o.a.s.s.AbstractSpatialPrefixTreeFieldType FieldType SpatialRecursivePrefixTreeFieldType does not allow omitNorms to be specified in schema, hardcoded behavior is omitNorms=true
2023-03-19 14:31:03.608 WARN  (coreLoadExecutor-13-thread-1) [   x:Combined] o.a.s.s.AbstractSpatialPrefixTreeFieldType FieldType SpatialRecursivePrefixTreeFieldType does not allow omitTermFreqAndPositions to be specified in schema, hardcoded behavior is omitTermFreqAndPositions=true
2023-03-19 14:31:03.608 WARN  (coreLoadExecutor-13-thread-1) [   x:Combined] o.a.s.s.AbstractSpatialPrefixTreeFieldType FieldType SpatialRecursivePrefixTreeFieldType does not allow termOffsets to be specified in schema, hardcoded behavior is termOffsets=false
2023-03-19 14:31:03.608 WARN  (coreLoadExecutor-13-thread-1) [   x:Combined] o.a.s.s.AbstractSpatialPrefixTreeFieldType FieldType SpatialRecursivePrefixTreeFieldType does not allow termPositions to be specified in schema, hardcoded behavior is termPositions=false
2023-03-19 14:31:03.608 WARN  (coreLoadExecutor-13-thread-1) [   x:Combined] o.a.s.s.AbstractSpatialPrefixTreeFieldType FieldType SpatialRecursivePrefixTreeFieldType does not allow omitPositions to be specified in schema, hardcoded behavior is omitPositions=true
2023-03-19 14:31:03.986 INFO  (coreLoadExecutor-13-thread-1) [   x:Combined] o.a.s.s.IndexSchema Loaded schema default-config/1.6 with uniqueid field id
2023-03-19 14:31:03.986 INFO  (coreLoadExecutor-13-thread-2) [   x:Combined_reviews] o.a.s.s.IndexSchema Loaded schema default-config/1.6 with uniqueid field id
2023-03-19 14:31:04.095 INFO  (coreLoadExecutor-13-thread-2) [   x:Combined_reviews] o.a.s.c.CoreContainer Creating SolrCore 'Combined_reviews' using configuration from instancedir /Users/khush/Desktop/Information-Retrieval/solr/server/solr/Combined_reviews, trusted=true
2023-03-19 14:31:04.123 INFO  (coreLoadExecutor-13-thread-1) [   x:Combined] o.a.s.c.CoreContainer Creating SolrCore 'Combined' using configuration from instancedir /Users/khush/Desktop/Information-Retrieval/solr/server/solr/Combined, trusted=true
2023-03-19 14:31:04.201 INFO  (coreLoadExecutor-13-thread-1) [   x:Combined] o.a.s.m.r.SolrJmxReporter JMX monitoring for 'solr.core.Combined' (registry 'solr.core.Combined') enabled at server: com.sun.jmx.mbeanserver.JmxMBeanServer@402c4085
2023-03-19 14:31:04.201 INFO  (coreLoadExecutor-13-thread-2) [   x:Combined_reviews] o.a.s.m.r.SolrJmxReporter JMX monitoring for 'solr.core.Combined_reviews' (registry 'solr.core.Combined_reviews') enabled at server: com.sun.jmx.mbeanserver.JmxMBeanServer@402c4085
2023-03-19 14:31:04.230 INFO  (coreLoadExecutor-13-thread-2) [   x:Combined_reviews] o.a.s.c.SolrCore [[Combined_reviews] ] Opening new SolrCore at [/Users/khush/Desktop/Information-Retrieval/solr/server/solr/Combined_reviews], dataDir=[/Users/khush/Desktop/Information-Retrieval/solr/server/solr/Combined_reviews/data/]
2023-03-19 14:31:04.230 INFO  (coreLoadExecutor-13-thread-1) [   x:Combined] o.a.s.c.SolrCore [[Combined] ] Opening new SolrCore at [/Users/khush/Desktop/Information-Retrieval/solr/server/solr/Combined], dataDir=[/Users/khush/Desktop/Information-Retrieval/solr/server/solr/Combined/data/]
2023-03-19 14:31:06.569 INFO  (coreLoadExecutor-13-thread-1) [   x:Combined] o.a.s.u.UpdateHandler Using UpdateLog implementation: org.apache.solr.update.UpdateLog
2023-03-19 14:31:06.569 INFO  (coreLoadExecutor-13-thread-2) [   x:Combined_reviews] o.a.s.u.UpdateHandler Using UpdateLog implementation: org.apache.solr.update.UpdateLog
2023-03-19 14:31:06.569 INFO  (coreLoadExecutor-13-thread-2) [   x:Combined_reviews] o.a.s.u.UpdateLog Initializing UpdateLog: dataDir= defaultSyncLevel=FLUSH numRecordsToKeep=100 maxNumLogsToKeep=10 numVersionBuckets=65536
2023-03-19 14:31:06.569 INFO  (coreLoadExecutor-13-thread-1) [   x:Combined] o.a.s.u.UpdateLog Initializing UpdateLog: dataDir= defaultSyncLevel=FLUSH numRecordsToKeep=100 maxNumLogsToKeep=10 numVersionBuckets=65536
2023-03-19 14:31:06.620 INFO  (coreLoadExecutor-13-thread-2) [   x:Combined_reviews] o.a.s.u.CommitTracker Hard AutoCommit: if uncommitted for 15000ms; 
2023-03-19 14:31:06.620 INFO  (coreLoadExecutor-13-thread-1) [   x:Combined] o.a.s.u.CommitTracker Hard AutoCommit: if uncommitted for 15000ms; 
2023-03-19 14:31:06.620 INFO  (coreLoadExecutor-13-thread-1) [   x:Combined] o.a.s.u.CommitTracker Soft AutoCommit: disabled
2023-03-19 14:31:06.621 INFO  (coreLoadExecutor-13-thread-2) [   x:Combined_reviews] o.a.s.u.CommitTracker Soft AutoCommit: disabled
2023-03-19 14:31:07.363 INFO  (coreLoadExecutor-13-thread-1) [   x:Combined] o.a.s.r.ManagedResourceStorage File-based storage initialized to use dir: /Users/khush/Desktop/Information-Retrieval/solr/server/solr/Combined/conf
2023-03-19 14:31:07.363 INFO  (coreLoadExecutor-13-thread-2) [   x:Combined_reviews] o.a.s.r.ManagedResourceStorage File-based storage initialized to use dir: /Users/khush/Desktop/Information-Retrieval/solr/server/solr/Combined_reviews/conf
2023-03-19 14:31:07.405 INFO  (coreLoadExecutor-13-thread-2) [   x:Combined_reviews] o.a.s.h.c.SpellCheckComponent Initializing spell checkers
2023-03-19 14:31:07.406 INFO  (coreLoadExecutor-13-thread-1) [   x:Combined] o.a.s.h.c.SpellCheckComponent Initializing spell checkers
2023-03-19 14:31:07.428 INFO  (coreLoadExecutor-13-thread-2) [   x:Combined_reviews] o.a.s.s.DirectSolrSpellChecker init: {name=default,field=_text_,classname=solr.DirectSolrSpellChecker,distanceMeasure=internal,accuracy=0.5,maxQueryFrequency=0.01,maxEdits=2,minPrefix=1,maxInspections=5,minQueryLength=4}
2023-03-19 14:31:07.428 INFO  (coreLoadExecutor-13-thread-1) [   x:Combined] o.a.s.s.DirectSolrSpellChecker init: {name=default,field=_text_,classname=solr.DirectSolrSpellChecker,distanceMeasure=internal,accuracy=0.5,maxQueryFrequency=0.01,maxEdits=2,minPrefix=1,maxInspections=5,minQueryLength=4}
2023-03-19 14:31:07.469 INFO  (coreLoadExecutor-13-thread-2) [   x:Combined_reviews] o.a.s.h.ReplicationHandler Commits will be reserved for 10000 ms
2023-03-19 14:31:07.469 INFO  (coreLoadExecutor-13-thread-1) [   x:Combined] o.a.s.h.ReplicationHandler Commits will be reserved for 10000 ms
2023-03-19 14:31:07.509 INFO  (searcherExecutor-17-thread-1-processing-x:Combined) [   x:Combined] o.a.s.c.QuerySenderListener QuerySenderListener done.
2023-03-19 14:31:07.509 INFO  (searcherExecutor-17-thread-1-processing-x:Combined) [   x:Combined] o.a.s.h.c.SpellCheckComponent Loading spell index for spellchecker: default
2023-03-19 14:31:07.526 INFO  (searcherExecutor-17-thread-1-processing-x:Combined) [   x:Combined] o.a.s.c.SolrCore [Combined]  Registered new searcher autowarm time: 0 ms
2023-03-19 14:31:07.531 INFO  (searcherExecutor-15-thread-1-processing-x:Combined_reviews) [   x:Combined_reviews] o.a.s.c.QuerySenderListener QuerySenderListener done.
2023-03-19 14:31:07.531 INFO  (searcherExecutor-15-thread-1-processing-x:Combined_reviews) [   x:Combined_reviews] o.a.s.h.c.SpellCheckComponent Loading spell index for spellchecker: default
2023-03-19 14:31:07.536 INFO  (searcherExecutor-15-thread-1-processing-x:Combined_reviews) [   x:Combined_reviews] o.a.s.c.SolrCore [Combined_reviews]  Registered new searcher autowarm time: 0 ms
2023-03-19 14:32:05.130 INFO  (qtp156710276-36) [   ] o.a.s.s.HttpSolrCall [admin] webapp=null path=/admin/cores params={indexInfo=false&wt=json&_=1679236324940} status=0 QTime=9
2023-03-19 14:32:05.145 INFO  (qtp156710276-28) [   ] o.a.s.s.HttpSolrCall [admin] webapp=null path=/admin/info/system params={wt=json&_=1679236324944} status=0 QTime=13
2023-03-19 14:32:05.206 INFO  (qtp156710276-37) [   ] o.a.s.s.HttpSolrCall [admin] webapp=null path=/admin/info/system params={wt=json&_=1679236324944} status=0 QTime=14
2023-03-19 14:32:13.313 INFO  (qtp156710276-37) [   ] o.a.s.s.HttpSolrCall [admin] webapp=null path=/admin/cores params={indexInfo=false&wt=json&_=1679236324940} status=0 QTime=0
2023-03-19 14:32:13.326 INFO  (qtp156710276-35) [   ] o.a.s.s.HttpSolrCall [admin] webapp=null path=/admin/info/system params={wt=json&_=1679236324944} status=0 QTime=5
2023-03-19 14:32:13.350 INFO  (qtp156710276-37) [   x:Combined_reviews] o.a.s.c.S.Request [Combined_reviews]  webapp=/solr path=/admin/luke params={numTerms=0&show=index&wt=json&_=1679236333304} status=0 QTime=13
2023-03-19 14:32:13.352 INFO  (qtp156710276-31) [   x:Combined_reviews] o.a.s.c.S.Request [Combined_reviews]  webapp=/solr path=/replication params={wt=json&command=details&_=1679236333304} status=0 QTime=4
2023-03-19 14:32:13.384 INFO  (qtp156710276-29) [   x:Combined_reviews] o.a.s.c.S.Request [Combined_reviews]  webapp=/solr path=/admin/system params={wt=json&_=1679236333304} status=0 QTime=4
2023-03-19 14:32:13.396 INFO  (qtp156710276-31) [   x:Combined_reviews] o.a.s.c.S.Request [Combined_reviews]  webapp=/solr path=/admin/ping params={action=status&wt=json&_=1679236324944&ts=1679236324944} status=503 QTime=1
2023-03-19 14:33:15.063 INFO  (qtp156710276-31) [   x:Combined] o.a.s.c.S.Request [Combined]  webapp=/solr path=/select params={q=title&rows=50&wt=json} hits=0 status=0 QTime=166
2023-03-19 14:34:14.570 INFO  (qtp156710276-37) [   x:Combined] o.a.s.c.S.Request [Combined]  webapp=/solr path=/select params={q=title&rows=50&wt=json} hits=0 status=0 QTime=7
2023-03-19 14:36:34.991 INFO  (qtp156710276-35) [   x:Combined] o.a.s.c.S.Request [Combined]  webapp=/solr path=/select params={q=title&rows=50&wt=json} hits=0 status=0 QTime=24
2023-03-19 14:37:35.424 INFO  (qtp156710276-35) [   ] o.a.s.s.HttpSolrCall [admin] webapp=null path=/admin/cores params={indexInfo=false&wt=json&_=1679236324940} status=0 QTime=2
2023-03-19 14:37:35.473 INFO  (qtp156710276-31) [   ] o.a.s.s.HttpSolrCall [admin] webapp=null path=/admin/info/system params={wt=json&_=1679236324944} status=0 QTime=39
2023-03-19 14:37:35.488 INFO  (qtp156710276-37) [   x:Combined_reviews] o.a.s.c.S.Request [Combined_reviews]  webapp=/solr path=/admin/luke params={show=schema&wt=json&_=1679236333304} status=0 QTime=52
2023-03-19 14:37:38.276 INFO  (qtp156710276-37) [   ] o.a.s.s.HttpSolrCall [admin] webapp=null path=/admin/cores params={indexInfo=false&wt=json&_=1679236324940} status=0 QTime=0
2023-03-19 14:37:38.294 INFO  (qtp156710276-35) [   ] o.a.s.s.HttpSolrCall [admin] webapp=null path=/admin/info/system params={wt=json&_=1679236324944} status=0 QTime=5
2023-03-19 14:44:19.522 ERROR (qtp156710276-32) [   x:Combined_reviews] o.a.s.h.RequestHandlerBase org.apache.solr.common.SolrException: undefined field 'title' => org.apache.solr.common.SolrException: undefined field 'title'
	at org.apache.solr.schema.IndexSchema.getDynamicFieldType(IndexSchema.java:1318)
org.apache.solr.common.SolrException: undefined field 'title'
	at org.apache.solr.schema.IndexSchema.getDynamicFieldType(IndexSchema.java:1318) ~[?:?]
	at org.apache.solr.schema.IndexSchema$SolrQueryAnalyzer.getWrappedAnalyzer(IndexSchema.java:494) ~[?:?]
	at org.apache.lucene.analysis.DelegatingAnalyzerWrapper$DelegatingReuseStrategy.getReusableComponents(DelegatingAnalyzerWrapper.java:86) ~[?:?]
	at org.apache.lucene.analysis.Analyzer.tokenStream(Analyzer.java:192) ~[?:?]
	at org.apache.lucene.util.QueryBuilder.createFieldQuery(QueryBuilder.java:259) ~[?:?]
	at org.apache.solr.parser.SolrQueryParserBase.newFieldQuery(SolrQueryParserBase.java:534) ~[?:?]
	at org.apache.solr.parser.QueryParser.newFieldQuery(QueryParser.java:62) ~[?:?]
	at org.apache.solr.parser.SolrQueryParserBase.getFieldQuery(SolrQueryParserBase.java:1109) ~[?:?]
	at org.apache.solr.parser.SolrQueryParserBase.getFieldQuery(SolrQueryParserBase.java:551) ~[?:?]
	at org.apache.solr.parser.SolrQueryParserBase.handleQuotedTerm(SolrQueryParserBase.java:848) ~[?:?]
	at org.apache.solr.parser.QueryParser.Term(QueryParser.java:549) ~[?:?]
	at org.apache.solr.parser.QueryParser.Clause(QueryParser.java:278) ~[?:?]
	at org.apache.solr.parser.QueryParser.Query(QueryParser.java:162) ~[?:?]
	at org.apache.solr.parser.QueryParser.TopLevelQuery(QueryParser.java:131) ~[?:?]
	at org.apache.solr.parser.SolrQueryParserBase.parse(SolrQueryParserBase.java:270) ~[?:?]
	at org.apache.solr.search.LuceneQParser.parse(LuceneQParser.java:49) ~[?:?]
	at org.apache.solr.search.QParser.getQuery(QParser.java:174) ~[?:?]
	at org.apache.solr.handler.component.QueryComponent.prepare(QueryComponent.java:162) ~[?:?]
	at org.apache.solr.handler.component.SearchHandler.handleRequestBody(SearchHandler.java:334) ~[?:?]
	at org.apache.solr.handler.RequestHandlerBase.handleRequest(RequestHandlerBase.java:216) ~[?:?]
	at org.apache.solr.core.SolrCore.execute(SolrCore.java:2637) ~[?:?]
	at org.apache.solr.servlet.HttpSolrCall.execute(HttpSolrCall.java:791) ~[?:?]
	at org.apache.solr.servlet.HttpSolrCall.call(HttpSolrCall.java:564) ~[?:?]
	at org.apache.solr.servlet.SolrDispatchFilter.doFilter(SolrDispatchFilter.java:427) ~[?:?]
	at org.apache.solr.servlet.SolrDispatchFilter.doFilter(SolrDispatchFilter.java:357) ~[?:?]
	at org.eclipse.jetty.servlet.FilterHolder.doFilter(FilterHolder.java:201) ~[jetty-servlet-9.4.44.v20210927.jar:9.4.44.v20210927]
	at org.eclipse.jetty.servlet.ServletHandler$Chain.doFilter(ServletHandler.java:1601) ~[jetty-servlet-9.4.44.v20210927.jar:9.4.44.v20210927]
	at org.eclipse.jetty.servlet.ServletHandler.doHandle(ServletHandler.java:548) ~[jetty-servlet-9.4.44.v20210927.jar:9.4.44.v20210927]
	at org.eclipse.jetty.server.handler.ScopedHandler.handle(ScopedHandler.java:143) ~[jetty-server-9.4.44.v20210927.jar:9.4.44.v20210927]
	at org.eclipse.jetty.security.SecurityHandler.handle(SecurityHandler.java:600) ~[jetty-security-9.4.44.v20210927.jar:9.4.44.v20210927]
	at org.eclipse.jetty.server.handler.HandlerWrapper.handle(HandlerWrapper.java:127) ~[jetty-server-9.4.44.v20210927.jar:9.4.44.v20210927]
	at org.eclipse.jetty.server.handler.ScopedHandler.nextHandle(ScopedHandler.java:235) ~[jetty-server-9.4.44.v20210927.jar:9.4.44.v20210927]
	at org.eclipse.jetty.server.session.SessionHandler.doHandle(SessionHandler.java:1624) ~[jetty-server-9.4.44.v20210927.jar:9.4.44.v20210927]
	at org.eclipse.jetty.server.handler.ScopedHandler.nextHandle(ScopedHandler.java:233) ~[jetty-server-9.4.44.v20210927.jar:9.4.44.v20210927]
	at org.eclipse.jetty.server.handler.ContextHandler.doHandle(ContextHandler.java:1434) ~[jetty-server-9.4.44.v20210927.jar:9.4.44.v20210927]
	at org.eclipse.jetty.server.handler.ScopedHandler.nextScope(ScopedHandler.java:188) ~[jetty-server-9.4.44.v20210927.jar:9.4.44.v20210927]
	at org.eclipse.jetty.servlet.ServletHandler.doScope(ServletHandler.java:501) ~[jetty-servlet-9.4.44.v20210927.jar:9.4.44.v20210927]
	at org.eclipse.jetty.server.session.SessionHandler.doScope(SessionHandler.java:1594) ~[jetty-server-9.4.44.v20210927.jar:9.4.44.v20210927]
	at org.eclipse.jetty.server.handler.ScopedHandler.nextScope(ScopedHandler.java:186) ~[jetty-server-9.4.44.v20210927.jar:9.4.44.v20210927]
	at org.eclipse.jetty.server.handler.ContextHandler.doScope(ContextHandler.java:1349) ~[jetty-server-9.4.44.v20210927.jar:9.4.44.v20210927]
	at org.eclipse.jetty.server.handler.ScopedHandler.handle(ScopedHandler.java:141) ~[jetty-server-9.4.44.v20210927.jar:9.4.44.v20210927]
	at org.eclipse.jetty.server.handler.ContextHandlerCollection.handle(ContextHandlerCollection.java:191) ~[jetty-server-9.4.44.v20210927.jar:9.4.44.v20210927]
	at org.eclipse.jetty.server.handler.InetAccessHandler.handle(InetAccessHandler.java:177) ~[jetty-server-9.4.44.v20210927.jar:9.4.44.v20210927]
	at org.eclipse.jetty.server.handler.HandlerCollection.handle(HandlerCollection.java:146) ~[jetty-server-9.4.44.v20210927.jar:9.4.44.v20210927]
	at org.eclipse.jetty.server.handler.HandlerWrapper.handle(HandlerWrapper.java:127) ~[jetty-server-9.4.44.v20210927.jar:9.4.44.v20210927]
	at org.eclipse.jetty.rewrite.handler.RewriteHandler.handle(RewriteHandler.java:322) ~[jetty-rewrite-9.4.44.v20210927.jar:9.4.44.v20210927]
	at org.eclipse.jetty.server.handler.gzip.GzipHandler.handle(GzipHandler.java:763) ~[jetty-server-9.4.44.v20210927.jar:9.4.44.v20210927]
	at org.eclipse.jetty.server.handler.HandlerWrapper.handle(HandlerWrapper.java:127) ~[jetty-server-9.4.44.v20210927.jar:9.4.44.v20210927]
	at org.eclipse.jetty.server.Server.handle(Server.java:516) ~[jetty-server-9.4.44.v20210927.jar:9.4.44.v20210927]
	at org.eclipse.jetty.server.HttpChannel.lambda$handle$1(HttpChannel.java:400) ~[jetty-server-9.4.44.v20210927.jar:9.4.44.v20210927]
	at org.eclipse.jetty.server.HttpChannel.dispatch(HttpChannel.java:645) ~[jetty-server-9.4.44.v20210927.jar:9.4.44.v20210927]
	at org.eclipse.jetty.server.HttpChannel.handle(HttpChannel.java:392) ~[jetty-server-9.4.44.v20210927.jar:9.4.44.v20210927]
	at org.eclipse.jetty.server.HttpConnection.onFillable(HttpConnection.java:277) ~[jetty-server-9.4.44.v20210927.jar:9.4.44.v20210927]
	at org.eclipse.jetty.io.AbstractConnection$ReadCallback.succeeded(AbstractConnection.java:311) ~[jetty-io-9.4.44.v20210927.jar:9.4.44.v20210927]
	at org.eclipse.jetty.io.FillInterest.fillable(FillInterest.java:105) ~[jetty-io-9.4.44.v20210927.jar:9.4.44.v20210927]
	at org.eclipse.jetty.io.ChannelEndPoint$1.run(ChannelEndPoint.java:104) ~[jetty-io-9.4.44.v20210927.jar:9.4.44.v20210927]
	at org.eclipse.jetty.util.thread.QueuedThreadPool.runJob(QueuedThreadPool.java:883) ~[jetty-util-9.4.44.v20210927.jar:9.4.44.v20210927]
	at org.eclipse.jetty.util.thread.QueuedThreadPool$Runner.run(QueuedThreadPool.java:1034) ~[jetty-util-9.4.44.v20210927.jar:9.4.44.v20210927]
	at java.lang.Thread.run(Thread.java:1589) [?:?]
2023-03-19 14:44:19.525 INFO  (qtp156710276-32) [   x:Combined_reviews] o.a.s.c.S.Request [Combined_reviews]  webapp=/solr path=/select params={q='title'+:+"hammer"&indent=true&q.op=OR&_=1679236658241} status=400 QTime=10
2023-03-19 14:44:19.628 INFO  (qtp156710276-36) [   ] o.a.s.s.HttpSolrCall [admin] webapp=null path=/admin/cores params={indexInfo=false&wt=json&_=1679236324940} status=0 QTime=2
2023-03-19 14:44:19.669 INFO  (qtp156710276-35) [   ] o.a.s.s.HttpSolrCall [admin] webapp=null path=/admin/info/system params={wt=json&_=1679236324944} status=0 QTime=21
2023-03-19 14:44:19.694 ERROR (qtp156710276-36) [   x:Combined_reviews] o.a.s.h.RequestHandlerBase org.apache.solr.common.SolrException: undefined field 'title' => org.apache.solr.common.SolrException: undefined field 'title'
	at org.apache.solr.schema.IndexSchema.getDynamicFieldType(IndexSchema.java:1318)
org.apache.solr.common.SolrException: undefined field 'title'
	at org.apache.solr.schema.IndexSchema.getDynamicFieldType(IndexSchema.java:1318) ~[?:?]
	at org.apache.solr.schema.IndexSchema$SolrQueryAnalyzer.getWrappedAnalyzer(IndexSchema.java:494) ~[?:?]
	at org.apache.lucene.analysis.DelegatingAnalyzerWrapper$DelegatingReuseStrategy.getReusableComponents(DelegatingAnalyzerWrapper.java:86) ~[?:?]
	at org.apache.lucene.analysis.Analyzer.tokenStream(Analyzer.java:192) ~[?:?]
	at org.apache.lucene.util.QueryBuilder.createFieldQuery(QueryBuilder.java:259) ~[?:?]
	at org.apache.solr.parser.SolrQueryParserBase.newFieldQuery(SolrQueryParserBase.java:534) ~[?:?]
	at org.apache.solr.parser.QueryParser.newFieldQuery(QueryParser.java:62) ~[?:?]
	at org.apache.solr.parser.SolrQueryParserBase.getFieldQuery(SolrQueryParserBase.java:1109) ~[?:?]
	at org.apache.solr.parser.SolrQueryParserBase.getFieldQuery(SolrQueryParserBase.java:551) ~[?:?]
	at org.apache.solr.parser.SolrQueryParserBase.handleQuotedTerm(SolrQueryParserBase.java:848) ~[?:?]
	at org.apache.solr.parser.QueryParser.Term(QueryParser.java:549) ~[?:?]
	at org.apache.solr.parser.QueryParser.Clause(QueryParser.java:278) ~[?:?]
	at org.apache.solr.parser.QueryParser.Query(QueryParser.java:162) ~[?:?]
	at org.apache.solr.parser.QueryParser.TopLevelQuery(QueryParser.java:131) ~[?:?]
	at org.apache.solr.parser.SolrQueryParserBase.parse(SolrQueryParserBase.java:270) ~[?:?]
	at org.apache.solr.search.LuceneQParser.parse(LuceneQParser.java:49) ~[?:?]
	at org.apache.solr.search.QParser.getQuery(QParser.java:174) ~[?:?]
	at org.apache.solr.handler.component.QueryComponent.prepare(QueryComponent.java:162) ~[?:?]
	at org.apache.solr.handler.component.SearchHandler.handleRequestBody(SearchHandler.java:334) ~[?:?]
	at org.apache.solr.handler.RequestHandlerBase.handleRequest(RequestHandlerBase.java:216) ~[?:?]
	at org.apache.solr.core.SolrCore.execute(SolrCore.java:2637) ~[?:?]
	at org.apache.solr.servlet.HttpSolrCall.execute(HttpSolrCall.java:791) ~[?:?]
	at org.apache.solr.servlet.HttpSolrCall.call(HttpSolrCall.java:564) ~[?:?]
	at org.apache.solr.servlet.SolrDispatchFilter.doFilter(SolrDispatchFilter.java:427) ~[?:?]
	at org.apache.solr.servlet.SolrDispatchFilter.doFilter(SolrDispatchFilter.java:357) ~[?:?]
	at org.eclipse.jetty.servlet.FilterHolder.doFilter(FilterHolder.java:201) ~[jetty-servlet-9.4.44.v20210927.jar:9.4.44.v20210927]
	at org.eclipse.jetty.servlet.ServletHandler$Chain.doFilter(ServletHandler.java:1601) ~[jetty-servlet-9.4.44.v20210927.jar:9.4.44.v20210927]
	at org.eclipse.jetty.servlet.ServletHandler.doHandle(ServletHandler.java:548) ~[jetty-servlet-9.4.44.v20210927.jar:9.4.44.v20210927]
	at org.eclipse.jetty.server.handler.ScopedHandler.handle(ScopedHandler.java:143) ~[jetty-server-9.4.44.v20210927.jar:9.4.44.v20210927]
	at org.eclipse.jetty.security.SecurityHandler.handle(SecurityHandler.java:600) ~[jetty-security-9.4.44.v20210927.jar:9.4.44.v20210927]
	at org.eclipse.jetty.server.handler.HandlerWrapper.handle(HandlerWrapper.java:127) ~[jetty-server-9.4.44.v20210927.jar:9.4.44.v20210927]
	at org.eclipse.jetty.server.handler.ScopedHandler.nextHandle(ScopedHandler.java:235) ~[jetty-server-9.4.44.v20210927.jar:9.4.44.v20210927]
	at org.eclipse.jetty.server.session.SessionHandler.doHandle(SessionHandler.java:1624) ~[jetty-server-9.4.44.v20210927.jar:9.4.44.v20210927]
	at org.eclipse.jetty.server.handler.ScopedHandler.nextHandle(ScopedHandler.java:233) ~[jetty-server-9.4.44.v20210927.jar:9.4.44.v20210927]
	at org.eclipse.jetty.server.handler.ContextHandler.doHandle(ContextHandler.java:1434) ~[jetty-server-9.4.44.v20210927.jar:9.4.44.v20210927]
	at org.eclipse.jetty.server.handler.ScopedHandler.nextScope(ScopedHandler.java:188) ~[jetty-server-9.4.44.v20210927.jar:9.4.44.v20210927]
	at org.eclipse.jetty.servlet.ServletHandler.doScope(ServletHandler.java:501) ~[jetty-servlet-9.4.44.v20210927.jar:9.4.44.v20210927]
	at org.eclipse.jetty.server.session.SessionHandler.doScope(SessionHandler.java:1594) ~[jetty-server-9.4.44.v20210927.jar:9.4.44.v20210927]
	at org.eclipse.jetty.server.handler.ScopedHandler.nextScope(ScopedHandler.java:186) ~[jetty-server-9.4.44.v20210927.jar:9.4.44.v20210927]
	at org.eclipse.jetty.server.handler.ContextHandler.doScope(ContextHandler.java:1349) ~[jetty-server-9.4.44.v20210927.jar:9.4.44.v20210927]
	at org.eclipse.jetty.server.handler.ScopedHandler.handle(ScopedHandler.java:141) ~[jetty-server-9.4.44.v20210927.jar:9.4.44.v20210927]
	at org.eclipse.jetty.server.handler.ContextHandlerCollection.handle(ContextHandlerCollection.java:191) ~[jetty-server-9.4.44.v20210927.jar:9.4.44.v20210927]
	at org.eclipse.jetty.server.handler.InetAccessHandler.handle(InetAccessHandler.java:177) ~[jetty-server-9.4.44.v20210927.jar:9.4.44.v20210927]
	at org.eclipse.jetty.server.handler.HandlerCollection.handle(HandlerCollection.java:146) ~[jetty-server-9.4.44.v20210927.jar:9.4.44.v20210927]
	at org.eclipse.jetty.server.handler.HandlerWrapper.handle(HandlerWrapper.java:127) ~[jetty-server-9.4.44.v20210927.jar:9.4.44.v20210927]
	at org.eclipse.jetty.rewrite.handler.RewriteHandler.handle(RewriteHandler.java:322) ~[jetty-rewrite-9.4.44.v20210927.jar:9.4.44.v20210927]
	at org.eclipse.jetty.server.handler.gzip.GzipHandler.handle(GzipHandler.java:763) ~[jetty-server-9.4.44.v20210927.jar:9.4.44.v20210927]
	at org.eclipse.jetty.server.handler.HandlerWrapper.handle(HandlerWrapper.java:127) ~[jetty-server-9.4.44.v20210927.jar:9.4.44.v20210927]
	at org.eclipse.jetty.server.Server.handle(Server.java:516) ~[jetty-server-9.4.44.v20210927.jar:9.4.44.v20210927]
	at org.eclipse.jetty.server.HttpChannel.lambda$handle$1(HttpChannel.java:400) ~[jetty-server-9.4.44.v20210927.jar:9.4.44.v20210927]
	at org.eclipse.jetty.server.HttpChannel.dispatch(HttpChannel.java:645) ~[jetty-server-9.4.44.v20210927.jar:9.4.44.v20210927]
	at org.eclipse.jetty.server.HttpChannel.handle(HttpChannel.java:392) ~[jetty-server-9.4.44.v20210927.jar:9.4.44.v20210927]
	at org.eclipse.jetty.server.HttpConnection.onFillable(HttpConnection.java:277) ~[jetty-server-9.4.44.v20210927.jar:9.4.44.v20210927]
	at org.eclipse.jetty.io.AbstractConnection$ReadCallback.succeeded(AbstractConnection.java:311) ~[jetty-io-9.4.44.v20210927.jar:9.4.44.v20210927]
	at org.eclipse.jetty.io.FillInterest.fillable(FillInterest.java:105) ~[jetty-io-9.4.44.v20210927.jar:9.4.44.v20210927]
	at org.eclipse.jetty.io.ChannelEndPoint$1.run(ChannelEndPoint.java:104) ~[jetty-io-9.4.44.v20210927.jar:9.4.44.v20210927]
	at org.eclipse.jetty.util.thread.strategy.EatWhatYouKill.runTask(EatWhatYouKill.java:338) ~[jetty-util-9.4.44.v20210927.jar:9.4.44.v20210927]
	at org.eclipse.jetty.util.thread.strategy.EatWhatYouKill.doProduce(EatWhatYouKill.java:315) ~[jetty-util-9.4.44.v20210927.jar:9.4.44.v20210927]
	at org.eclipse.jetty.util.thread.strategy.EatWhatYouKill.tryProduce(EatWhatYouKill.java:173) ~[jetty-util-9.4.44.v20210927.jar:9.4.44.v20210927]
	at org.eclipse.jetty.util.thread.strategy.EatWhatYouKill.run(EatWhatYouKill.java:131) ~[jetty-util-9.4.44.v20210927.jar:9.4.44.v20210927]
	at org.eclipse.jetty.util.thread.ReservedThreadExecutor$ReservedThread.run(ReservedThreadExecutor.java:409) ~[jetty-util-9.4.44.v20210927.jar:9.4.44.v20210927]
	at org.eclipse.jetty.util.thread.QueuedThreadPool.runJob(QueuedThreadPool.java:883) ~[jetty-util-9.4.44.v20210927.jar:9.4.44.v20210927]
	at org.eclipse.jetty.util.thread.QueuedThreadPool$Runner.run(QueuedThreadPool.java:1034) ~[jetty-util-9.4.44.v20210927.jar:9.4.44.v20210927]
	at java.lang.Thread.run(Thread.java:1589) [?:?]
2023-03-19 14:44:19.694 INFO  (qtp156710276-36) [   x:Combined_reviews] o.a.s.c.S.Request [Combined_reviews]  webapp=/solr path=/select params={q='title'+:+"hammer"&indent=true&q.op=OR&_=1679236658241} status=400 QTime=1
2023-03-19 14:44:29.326 INFO  (qtp156710276-36) [   ] o.a.s.s.HttpSolrCall [admin] webapp=null path=/admin/cores params={indexInfo=false&wt=json&_=1679236324940} status=0 QTime=0
2023-03-19 14:44:29.357 INFO  (qtp156710276-35) [   x:Combined] o.a.s.c.S.Request [Combined]  webapp=/solr path=/admin/ping params={action=status&wt=json&_=1679236324944&ts=1679236324944} status=503 QTime=1
2023-03-19 14:44:29.435 INFO  (qtp156710276-32) [   ] o.a.s.s.HttpSolrCall [admin] webapp=null path=/admin/info/system params={wt=json&_=1679236324944} status=0 QTime=11
2023-03-19 14:44:29.452 INFO  (qtp156710276-56) [   x:Combined] o.a.s.c.S.Request [Combined]  webapp=/solr path=/replication params={wt=json&command=details&_=1679236333304} status=0 QTime=21
2023-03-19 14:44:29.455 INFO  (qtp156710276-28) [   x:Combined] o.a.s.c.S.Request [Combined]  webapp=/solr path=/admin/system params={wt=json&_=1679236333304} status=0 QTime=36
2023-03-19 14:44:29.456 INFO  (qtp156710276-36) [   x:Combined] o.a.s.c.S.Request [Combined]  webapp=/solr path=/admin/luke params={numTerms=0&show=index&wt=json&_=1679236333304} status=0 QTime=72
2023-03-19 14:44:31.280 INFO  (qtp156710276-29) [   ] o.a.s.s.HttpSolrCall [admin] webapp=null path=/admin/cores params={indexInfo=false&wt=json&_=1679236324940} status=0 QTime=0
2023-03-19 14:44:31.307 INFO  (qtp156710276-37) [   ] o.a.s.s.HttpSolrCall [admin] webapp=null path=/admin/info/system params={wt=json&_=1679236324944} status=0 QTime=9
2023-03-19 14:44:34.653 ERROR (qtp156710276-29) [   x:Combined] o.a.s.h.RequestHandlerBase org.apache.solr.common.SolrException: undefined field 'title' => org.apache.solr.common.SolrException: undefined field 'title'
	at org.apache.solr.schema.IndexSchema.getDynamicFieldType(IndexSchema.java:1318)
org.apache.solr.common.SolrException: undefined field 'title'
	at org.apache.solr.schema.IndexSchema.getDynamicFieldType(IndexSchema.java:1318) ~[?:?]
	at org.apache.solr.schema.IndexSchema$SolrQueryAnalyzer.getWrappedAnalyzer(IndexSchema.java:494) ~[?:?]
	at org.apache.lucene.analysis.DelegatingAnalyzerWrapper$DelegatingReuseStrategy.getReusableComponents(DelegatingAnalyzerWrapper.java:86) ~[?:?]
	at org.apache.lucene.analysis.Analyzer.tokenStream(Analyzer.java:192) ~[?:?]
	at org.apache.lucene.util.QueryBuilder.createFieldQuery(QueryBuilder.java:259) ~[?:?]
	at org.apache.solr.parser.SolrQueryParserBase.newFieldQuery(SolrQueryParserBase.java:534) ~[?:?]
	at org.apache.solr.parser.QueryParser.newFieldQuery(QueryParser.java:62) ~[?:?]
	at org.apache.solr.parser.SolrQueryParserBase.getFieldQuery(SolrQueryParserBase.java:1109) ~[?:?]
	at org.apache.solr.parser.SolrQueryParserBase.getFieldQuery(SolrQueryParserBase.java:551) ~[?:?]
	at org.apache.solr.parser.SolrQueryParserBase.handleQuotedTerm(SolrQueryParserBase.java:848) ~[?:?]
	at org.apache.solr.parser.QueryParser.Term(QueryParser.java:549) ~[?:?]
	at org.apache.solr.parser.QueryParser.Clause(QueryParser.java:278) ~[?:?]
	at org.apache.solr.parser.QueryParser.Query(QueryParser.java:162) ~[?:?]
	at org.apache.solr.parser.QueryParser.TopLevelQuery(QueryParser.java:131) ~[?:?]
	at org.apache.solr.parser.SolrQueryParserBase.parse(SolrQueryParserBase.java:270) ~[?:?]
	at org.apache.solr.search.LuceneQParser.parse(LuceneQParser.java:49) ~[?:?]
	at org.apache.solr.search.QParser.getQuery(QParser.java:174) ~[?:?]
	at org.apache.solr.handler.component.QueryComponent.prepare(QueryComponent.java:162) ~[?:?]
	at org.apache.solr.handler.component.SearchHandler.handleRequestBody(SearchHandler.java:334) ~[?:?]
	at org.apache.solr.handler.RequestHandlerBase.handleRequest(RequestHandlerBase.java:216) ~[?:?]
	at org.apache.solr.core.SolrCore.execute(SolrCore.java:2637) ~[?:?]
	at org.apache.solr.servlet.HttpSolrCall.execute(HttpSolrCall.java:791) ~[?:?]
	at org.apache.solr.servlet.HttpSolrCall.call(HttpSolrCall.java:564) ~[?:?]
	at org.apache.solr.servlet.SolrDispatchFilter.doFilter(SolrDispatchFilter.java:427) ~[?:?]
	at org.apache.solr.servlet.SolrDispatchFilter.doFilter(SolrDispatchFilter.java:357) ~[?:?]
	at org.eclipse.jetty.servlet.FilterHolder.doFilter(FilterHolder.java:201) ~[jetty-servlet-9.4.44.v20210927.jar:9.4.44.v20210927]
	at org.eclipse.jetty.servlet.ServletHandler$Chain.doFilter(ServletHandler.java:1601) ~[jetty-servlet-9.4.44.v20210927.jar:9.4.44.v20210927]
	at org.eclipse.jetty.servlet.ServletHandler.doHandle(ServletHandler.java:548) ~[jetty-servlet-9.4.44.v20210927.jar:9.4.44.v20210927]
	at org.eclipse.jetty.server.handler.ScopedHandler.handle(ScopedHandler.java:143) ~[jetty-server-9.4.44.v20210927.jar:9.4.44.v20210927]
	at org.eclipse.jetty.security.SecurityHandler.handle(SecurityHandler.java:600) ~[jetty-security-9.4.44.v20210927.jar:9.4.44.v20210927]
	at org.eclipse.jetty.server.handler.HandlerWrapper.handle(HandlerWrapper.java:127) ~[jetty-server-9.4.44.v20210927.jar:9.4.44.v20210927]
	at org.eclipse.jetty.server.handler.ScopedHandler.nextHandle(ScopedHandler.java:235) ~[jetty-server-9.4.44.v20210927.jar:9.4.44.v20210927]
	at org.eclipse.jetty.server.session.SessionHandler.doHandle(SessionHandler.java:1624) ~[jetty-server-9.4.44.v20210927.jar:9.4.44.v20210927]
	at org.eclipse.jetty.server.handler.ScopedHandler.nextHandle(ScopedHandler.java:233) ~[jetty-server-9.4.44.v20210927.jar:9.4.44.v20210927]
	at org.eclipse.jetty.server.handler.ContextHandler.doHandle(ContextHandler.java:1434) ~[jetty-server-9.4.44.v20210927.jar:9.4.44.v20210927]
	at org.eclipse.jetty.server.handler.ScopedHandler.nextScope(ScopedHandler.java:188) ~[jetty-server-9.4.44.v20210927.jar:9.4.44.v20210927]
	at org.eclipse.jetty.servlet.ServletHandler.doScope(ServletHandler.java:501) ~[jetty-servlet-9.4.44.v20210927.jar:9.4.44.v20210927]
	at org.eclipse.jetty.server.session.SessionHandler.doScope(SessionHandler.java:1594) ~[jetty-server-9.4.44.v20210927.jar:9.4.44.v20210927]
	at org.eclipse.jetty.server.handler.ScopedHandler.nextScope(ScopedHandler.java:186) ~[jetty-server-9.4.44.v20210927.jar:9.4.44.v20210927]
	at org.eclipse.jetty.server.handler.ContextHandler.doScope(ContextHandler.java:1349) ~[jetty-server-9.4.44.v20210927.jar:9.4.44.v20210927]
	at org.eclipse.jetty.server.handler.ScopedHandler.handle(ScopedHandler.java:141) ~[jetty-server-9.4.44.v20210927.jar:9.4.44.v20210927]
	at org.eclipse.jetty.server.handler.ContextHandlerCollection.handle(ContextHandlerCollection.java:191) ~[jetty-server-9.4.44.v20210927.jar:9.4.44.v20210927]
	at org.eclipse.jetty.server.handler.InetAccessHandler.handle(InetAccessHandler.java:177) ~[jetty-server-9.4.44.v20210927.jar:9.4.44.v20210927]
	at org.eclipse.jetty.server.handler.HandlerCollection.handle(HandlerCollection.java:146) ~[jetty-server-9.4.44.v20210927.jar:9.4.44.v20210927]
	at org.eclipse.jetty.server.handler.HandlerWrapper.handle(HandlerWrapper.java:127) ~[jetty-server-9.4.44.v20210927.jar:9.4.44.v20210927]
	at org.eclipse.jetty.rewrite.handler.RewriteHandler.handle(RewriteHandler.java:322) ~[jetty-rewrite-9.4.44.v20210927.jar:9.4.44.v20210927]
	at org.eclipse.jetty.server.handler.gzip.GzipHandler.handle(GzipHandler.java:763) ~[jetty-server-9.4.44.v20210927.jar:9.4.44.v20210927]
	at org.eclipse.jetty.server.handler.HandlerWrapper.handle(HandlerWrapper.java:127) ~[jetty-server-9.4.44.v20210927.jar:9.4.44.v20210927]
	at org.eclipse.jetty.server.Server.handle(Server.java:516) ~[jetty-server-9.4.44.v20210927.jar:9.4.44.v20210927]
	at org.eclipse.jetty.server.HttpChannel.lambda$handle$1(HttpChannel.java:400) ~[jetty-server-9.4.44.v20210927.jar:9.4.44.v20210927]
	at org.eclipse.jetty.server.HttpChannel.dispatch(HttpChannel.java:645) ~[jetty-server-9.4.44.v20210927.jar:9.4.44.v20210927]
	at org.eclipse.jetty.server.HttpChannel.handle(HttpChannel.java:392) ~[jetty-server-9.4.44.v20210927.jar:9.4.44.v20210927]
	at org.eclipse.jetty.server.HttpConnection.onFillable(HttpConnection.java:277) ~[jetty-server-9.4.44.v20210927.jar:9.4.44.v20210927]
	at org.eclipse.jetty.io.AbstractConnection$ReadCallback.succeeded(AbstractConnection.java:311) ~[jetty-io-9.4.44.v20210927.jar:9.4.44.v20210927]
	at org.eclipse.jetty.io.FillInterest.fillable(FillInterest.java:105) ~[jetty-io-9.4.44.v20210927.jar:9.4.44.v20210927]
	at org.eclipse.jetty.io.ChannelEndPoint$1.run(ChannelEndPoint.java:104) ~[jetty-io-9.4.44.v20210927.jar:9.4.44.v20210927]
	at org.eclipse.jetty.util.thread.strategy.EatWhatYouKill.runTask(EatWhatYouKill.java:338) ~[jetty-util-9.4.44.v20210927.jar:9.4.44.v20210927]
	at org.eclipse.jetty.util.thread.strategy.EatWhatYouKill.doProduce(EatWhatYouKill.java:315) ~[jetty-util-9.4.44.v20210927.jar:9.4.44.v20210927]
	at org.eclipse.jetty.util.thread.strategy.EatWhatYouKill.tryProduce(EatWhatYouKill.java:173) ~[jetty-util-9.4.44.v20210927.jar:9.4.44.v20210927]
	at org.eclipse.jetty.util.thread.strategy.EatWhatYouKill.run(EatWhatYouKill.java:131) ~[jetty-util-9.4.44.v20210927.jar:9.4.44.v20210927]
	at org.eclipse.jetty.util.thread.ReservedThreadExecutor$ReservedThread.run(ReservedThreadExecutor.java:409) ~[jetty-util-9.4.44.v20210927.jar:9.4.44.v20210927]
	at org.eclipse.jetty.util.thread.QueuedThreadPool.runJob(QueuedThreadPool.java:883) ~[jetty-util-9.4.44.v20210927.jar:9.4.44.v20210927]
	at org.eclipse.jetty.util.thread.QueuedThreadPool$Runner.run(QueuedThreadPool.java:1034) ~[jetty-util-9.4.44.v20210927.jar:9.4.44.v20210927]
	at java.lang.Thread.run(Thread.java:1589) [?:?]
2023-03-19 14:44:34.654 INFO  (qtp156710276-29) [   x:Combined] o.a.s.c.S.Request [Combined]  webapp=/solr path=/select params={q='title'+:+"hammer"&indent=true&q.op=OR&_=1679236658241} status=400 QTime=2
2023-03-19 14:44:34.811 INFO  (qtp156710276-37) [   ] o.a.s.s.HttpSolrCall [admin] webapp=null path=/admin/cores params={indexInfo=false&wt=json&_=1679236324940} status=0 QTime=2
2023-03-19 14:44:34.824 INFO  (qtp156710276-29) [   ] o.a.s.s.HttpSolrCall [admin] webapp=null path=/admin/info/system params={wt=json&_=1679236324944} status=0 QTime=5
2023-03-19 14:44:34.832 ERROR (qtp156710276-37) [   x:Combined] o.a.s.h.RequestHandlerBase org.apache.solr.common.SolrException: undefined field 'title' => org.apache.solr.common.SolrException: undefined field 'title'
	at org.apache.solr.schema.IndexSchema.getDynamicFieldType(IndexSchema.java:1318)
org.apache.solr.common.SolrException: undefined field 'title'
	at org.apache.solr.schema.IndexSchema.getDynamicFieldType(IndexSchema.java:1318) ~[?:?]
	at org.apache.solr.schema.IndexSchema$SolrQueryAnalyzer.getWrappedAnalyzer(IndexSchema.java:494) ~[?:?]
	at org.apache.lucene.analysis.DelegatingAnalyzerWrapper$DelegatingReuseStrategy.getReusableComponents(DelegatingAnalyzerWrapper.java:86) ~[?:?]
	at org.apache.lucene.analysis.Analyzer.tokenStream(Analyzer.java:192) ~[?:?]
	at org.apache.lucene.util.QueryBuilder.createFieldQuery(QueryBuilder.java:259) ~[?:?]
	at org.apache.solr.parser.SolrQueryParserBase.newFieldQuery(SolrQueryParserBase.java:534) ~[?:?]
	at org.apache.solr.parser.QueryParser.newFieldQuery(QueryParser.java:62) ~[?:?]
	at org.apache.solr.parser.SolrQueryParserBase.getFieldQuery(SolrQueryParserBase.java:1109) ~[?:?]
	at org.apache.solr.parser.SolrQueryParserBase.getFieldQuery(SolrQueryParserBase.java:551) ~[?:?]
	at org.apache.solr.parser.SolrQueryParserBase.handleQuotedTerm(SolrQueryParserBase.java:848) ~[?:?]
	at org.apache.solr.parser.QueryParser.Term(QueryParser.java:549) ~[?:?]
	at org.apache.solr.parser.QueryParser.Clause(QueryParser.java:278) ~[?:?]
	at org.apache.solr.parser.QueryParser.Query(QueryParser.java:162) ~[?:?]
	at org.apache.solr.parser.QueryParser.TopLevelQuery(QueryParser.java:131) ~[?:?]
	at org.apache.solr.parser.SolrQueryParserBase.parse(SolrQueryParserBase.java:270) ~[?:?]
	at org.apache.solr.search.LuceneQParser.parse(LuceneQParser.java:49) ~[?:?]
	at org.apache.solr.search.QParser.getQuery(QParser.java:174) ~[?:?]
	at org.apache.solr.handler.component.QueryComponent.prepare(QueryComponent.java:162) ~[?:?]
	at org.apache.solr.handler.component.SearchHandler.handleRequestBody(SearchHandler.java:334) ~[?:?]
	at org.apache.solr.handler.RequestHandlerBase.handleRequest(RequestHandlerBase.java:216) ~[?:?]
	at org.apache.solr.core.SolrCore.execute(SolrCore.java:2637) ~[?:?]
	at org.apache.solr.servlet.HttpSolrCall.execute(HttpSolrCall.java:791) ~[?:?]
	at org.apache.solr.servlet.HttpSolrCall.call(HttpSolrCall.java:564) ~[?:?]
	at org.apache.solr.servlet.SolrDispatchFilter.doFilter(SolrDispatchFilter.java:427) ~[?:?]
	at org.apache.solr.servlet.SolrDispatchFilter.doFilter(SolrDispatchFilter.java:357) ~[?:?]
	at org.eclipse.jetty.servlet.FilterHolder.doFilter(FilterHolder.java:201) ~[jetty-servlet-9.4.44.v20210927.jar:9.4.44.v20210927]
	at org.eclipse.jetty.servlet.ServletHandler$Chain.doFilter(ServletHandler.java:1601) ~[jetty-servlet-9.4.44.v20210927.jar:9.4.44.v20210927]
	at org.eclipse.jetty.servlet.ServletHandler.doHandle(ServletHandler.java:548) ~[jetty-servlet-9.4.44.v20210927.jar:9.4.44.v20210927]
	at org.eclipse.jetty.server.handler.ScopedHandler.handle(ScopedHandler.java:143) ~[jetty-server-9.4.44.v20210927.jar:9.4.44.v20210927]
	at org.eclipse.jetty.security.SecurityHandler.handle(SecurityHandler.java:600) ~[jetty-security-9.4.44.v20210927.jar:9.4.44.v20210927]
	at org.eclipse.jetty.server.handler.HandlerWrapper.handle(HandlerWrapper.java:127) ~[jetty-server-9.4.44.v20210927.jar:9.4.44.v20210927]
	at org.eclipse.jetty.server.handler.ScopedHandler.nextHandle(ScopedHandler.java:235) ~[jetty-server-9.4.44.v20210927.jar:9.4.44.v20210927]
	at org.eclipse.jetty.server.session.SessionHandler.doHandle(SessionHandler.java:1624) ~[jetty-server-9.4.44.v20210927.jar:9.4.44.v20210927]
	at org.eclipse.jetty.server.handler.ScopedHandler.nextHandle(ScopedHandler.java:233) ~[jetty-server-9.4.44.v20210927.jar:9.4.44.v20210927]
	at org.eclipse.jetty.server.handler.ContextHandler.doHandle(ContextHandler.java:1434) ~[jetty-server-9.4.44.v20210927.jar:9.4.44.v20210927]
	at org.eclipse.jetty.server.handler.ScopedHandler.nextScope(ScopedHandler.java:188) ~[jetty-server-9.4.44.v20210927.jar:9.4.44.v20210927]
	at org.eclipse.jetty.servlet.ServletHandler.doScope(ServletHandler.java:501) ~[jetty-servlet-9.4.44.v20210927.jar:9.4.44.v20210927]
	at org.eclipse.jetty.server.session.SessionHandler.doScope(SessionHandler.java:1594) ~[jetty-server-9.4.44.v20210927.jar:9.4.44.v20210927]
	at org.eclipse.jetty.server.handler.ScopedHandler.nextScope(ScopedHandler.java:186) ~[jetty-server-9.4.44.v20210927.jar:9.4.44.v20210927]
	at org.eclipse.jetty.server.handler.ContextHandler.doScope(ContextHandler.java:1349) ~[jetty-server-9.4.44.v20210927.jar:9.4.44.v20210927]
	at org.eclipse.jetty.server.handler.ScopedHandler.handle(ScopedHandler.java:141) ~[jetty-server-9.4.44.v20210927.jar:9.4.44.v20210927]
	at org.eclipse.jetty.server.handler.ContextHandlerCollection.handle(ContextHandlerCollection.java:191) ~[jetty-server-9.4.44.v20210927.jar:9.4.44.v20210927]
	at org.eclipse.jetty.server.handler.InetAccessHandler.handle(InetAccessHandler.java:177) ~[jetty-server-9.4.44.v20210927.jar:9.4.44.v20210927]
	at org.eclipse.jetty.server.handler.HandlerCollection.handle(HandlerCollection.java:146) ~[jetty-server-9.4.44.v20210927.jar:9.4.44.v20210927]
	at org.eclipse.jetty.server.handler.HandlerWrapper.handle(HandlerWrapper.java:127) ~[jetty-server-9.4.44.v20210927.jar:9.4.44.v20210927]
	at org.eclipse.jetty.rewrite.handler.RewriteHandler.handle(RewriteHandler.java:322) ~[jetty-rewrite-9.4.44.v20210927.jar:9.4.44.v20210927]
	at org.eclipse.jetty.server.handler.gzip.GzipHandler.handle(GzipHandler.java:763) ~[jetty-server-9.4.44.v20210927.jar:9.4.44.v20210927]
	at org.eclipse.jetty.server.handler.HandlerWrapper.handle(HandlerWrapper.java:127) ~[jetty-server-9.4.44.v20210927.jar:9.4.44.v20210927]
	at org.eclipse.jetty.server.Server.handle(Server.java:516) ~[jetty-server-9.4.44.v20210927.jar:9.4.44.v20210927]
	at org.eclipse.jetty.server.HttpChannel.lambda$handle$1(HttpChannel.java:400) ~[jetty-server-9.4.44.v20210927.jar:9.4.44.v20210927]
	at org.eclipse.jetty.server.HttpChannel.dispatch(HttpChannel.java:645) ~[jetty-server-9.4.44.v20210927.jar:9.4.44.v20210927]
	at org.eclipse.jetty.server.HttpChannel.handle(HttpChannel.java:392) ~[jetty-server-9.4.44.v20210927.jar:9.4.44.v20210927]
	at org.eclipse.jetty.server.HttpConnection.onFillable(HttpConnection.java:277) ~[jetty-server-9.4.44.v20210927.jar:9.4.44.v20210927]
	at org.eclipse.jetty.io.AbstractConnection$ReadCallback.succeeded(AbstractConnection.java:311) ~[jetty-io-9.4.44.v20210927.jar:9.4.44.v20210927]
	at org.eclipse.jetty.io.FillInterest.fillable(FillInterest.java:105) ~[jetty-io-9.4.44.v20210927.jar:9.4.44.v20210927]
	at org.eclipse.jetty.io.ChannelEndPoint$1.run(ChannelEndPoint.java:104) ~[jetty-io-9.4.44.v20210927.jar:9.4.44.v20210927]
	at org.eclipse.jetty.util.thread.strategy.EatWhatYouKill.runTask(EatWhatYouKill.java:338) ~[jetty-util-9.4.44.v20210927.jar:9.4.44.v20210927]
	at org.eclipse.jetty.util.thread.strategy.EatWhatYouKill.doProduce(EatWhatYouKill.java:315) ~[jetty-util-9.4.44.v20210927.jar:9.4.44.v20210927]
	at org.eclipse.jetty.util.thread.strategy.EatWhatYouKill.tryProduce(EatWhatYouKill.java:173) ~[jetty-util-9.4.44.v20210927.jar:9.4.44.v20210927]
	at org.eclipse.jetty.util.thread.strategy.EatWhatYouKill.run(EatWhatYouKill.java:131) ~[jetty-util-9.4.44.v20210927.jar:9.4.44.v20210927]
	at org.eclipse.jetty.util.thread.ReservedThreadExecutor$ReservedThread.run(ReservedThreadExecutor.java:409) ~[jetty-util-9.4.44.v20210927.jar:9.4.44.v20210927]
	at org.eclipse.jetty.util.thread.QueuedThreadPool.runJob(QueuedThreadPool.java:883) ~[jetty-util-9.4.44.v20210927.jar:9.4.44.v20210927]
	at org.eclipse.jetty.util.thread.QueuedThreadPool$Runner.run(QueuedThreadPool.java:1034) ~[jetty-util-9.4.44.v20210927.jar:9.4.44.v20210927]
	at java.lang.Thread.run(Thread.java:1589) [?:?]
2023-03-19 14:44:34.832 INFO  (qtp156710276-37) [   x:Combined] o.a.s.c.S.Request [Combined]  webapp=/solr path=/select params={q='title'+:+"hammer"&indent=true&q.op=OR&_=1679236658241} status=400 QTime=1
2023-03-19 14:44:59.357 INFO  (qtp156710276-29) [   x:Combined] o.a.s.c.S.Request [Combined]  webapp=/solr path=/select params={q=*:*&indent=true&q.op=OR&_=1679236658241} hits=5052 status=0 QTime=15
2023-03-19 14:44:59.523 INFO  (qtp156710276-37) [   ] o.a.s.s.HttpSolrCall [admin] webapp=null path=/admin/cores params={indexInfo=false&wt=json&_=1679236324940} status=0 QTime=0
2023-03-19 14:44:59.530 INFO  (qtp156710276-35) [   x:Combined] o.a.s.c.S.Request [Combined]  webapp=/solr path=/select params={q=*:*&indent=true&q.op=OR&_=1679236658241} hits=5052 status=0 QTime=0
2023-03-19 14:44:59.537 INFO  (qtp156710276-29) [   ] o.a.s.s.HttpSolrCall [admin] webapp=null path=/admin/info/system params={wt=json&_=1679236324944} status=0 QTime=9
2023-03-19 14:45:28.705 INFO  (qtp156710276-37) [   x:Combined] o.a.s.c.S.Request [Combined]  webapp=/solr path=/select params={q=*:*&indent=true&q.op=OR&rows=1000&_=1679236658241} hits=5052 status=0 QTime=5
2023-03-19 14:45:32.217 INFO  (qtp156710276-29) [   ] o.a.s.s.HttpSolrCall [admin] webapp=null path=/admin/cores params={indexInfo=false&wt=json&_=1679236324940} status=0 QTime=0
2023-03-19 14:45:32.228 INFO  (qtp156710276-37) [   x:Combined] o.a.s.c.S.Request [Combined]  webapp=/solr path=/select params={q=*:*&indent=true&q.op=OR&rows=1000&_=1679236658241} hits=5052 status=0 QTime=3
2023-03-19 14:45:32.241 INFO  (qtp156710276-33) [   ] o.a.s.s.HttpSolrCall [admin] webapp=null path=/admin/info/system params={wt=json&_=1679236324944} status=0 QTime=3
2023-03-19 14:46:22.685 ERROR (qtp156710276-35) [   x:Combined] o.a.s.h.RequestHandlerBase org.apache.solr.common.SolrException: org.apache.solr.search.SyntaxError: Cannot parse '"category": "DIY_Tools"': Encountered " ":" ": "" at line 1, column 10.
Was expecting one of:
    <EOF> 
    <AND> ...
    <OR> ...
    <NOT> ...
    "+" ...
    "-" ...
    <BAREOPER> ...
    "(" ...
    "*" ...
    "^" ...
    <QUOTED> ...
    <TERM> ...
    <FUZZY_SLOP> ...
    <PREFIXTERM> ...
    <WILDTERM> ...
    <REGEXPTERM> ...
    "[" ...
    "{" ...
    <LPARAMS> ...
    "filter(" ...
    <NUMBER> ...
     => org.apache.solr.common.SolrException: org.apache.solr.search.SyntaxError: Cannot parse '"category": "DIY_Tools"': Encountered " ":" ": "" at line 1, column 10.
Was expecting one of:
org.apache.solr.common.SolrException: org.apache.solr.search.SyntaxError: Cannot parse '"category": "DIY_Tools"': Encountered " ":" ": "" at line 1, column 10.
Was expecting one of:
    <EOF> 
    <AND> ...
    <OR> ...
    <NOT> ...
    "+" ...
    "-" ...
    <BAREOPER> ...
    "(" ...
    "*" ...
    "^" ...
    <QUOTED> ...
    <TERM> ...
    <FUZZY_SLOP> ...
    <PREFIXTERM> ...
    <WILDTERM> ...
    <REGEXPTERM> ...
    "[" ...
    "{" ...
    <LPARAMS> ...
    "filter(" ...
    <NUMBER> ...
    
	at org.apache.solr.handler.component.QueryComponent.prepare(QueryComponent.java:212) ~[?:?]
	at org.apache.solr.handler.component.SearchHandler.handleRequestBody(SearchHandler.java:334) ~[?:?]
	at org.apache.solr.handler.RequestHandlerBase.handleRequest(RequestHandlerBase.java:216) ~[?:?]
	at org.apache.solr.core.SolrCore.execute(SolrCore.java:2637) ~[?:?]
	at org.apache.solr.servlet.HttpSolrCall.execute(HttpSolrCall.java:791) ~[?:?]
	at org.apache.solr.servlet.HttpSolrCall.call(HttpSolrCall.java:564) ~[?:?]
	at org.apache.solr.servlet.SolrDispatchFilter.doFilter(SolrDispatchFilter.java:427) ~[?:?]
	at org.apache.solr.servlet.SolrDispatchFilter.doFilter(SolrDispatchFilter.java:357) ~[?:?]
	at org.eclipse.jetty.servlet.FilterHolder.doFilter(FilterHolder.java:201) ~[jetty-servlet-9.4.44.v20210927.jar:9.4.44.v20210927]
	at org.eclipse.jetty.servlet.ServletHandler$Chain.doFilter(ServletHandler.java:1601) ~[jetty-servlet-9.4.44.v20210927.jar:9.4.44.v20210927]
	at org.eclipse.jetty.servlet.ServletHandler.doHandle(ServletHandler.java:548) ~[jetty-servlet-9.4.44.v20210927.jar:9.4.44.v20210927]
	at org.eclipse.jetty.server.handler.ScopedHandler.handle(ScopedHandler.java:143) ~[jetty-server-9.4.44.v20210927.jar:9.4.44.v20210927]
	at org.eclipse.jetty.security.SecurityHandler.handle(SecurityHandler.java:600) ~[jetty-security-9.4.44.v20210927.jar:9.4.44.v20210927]
	at org.eclipse.jetty.server.handler.HandlerWrapper.handle(HandlerWrapper.java:127) ~[jetty-server-9.4.44.v20210927.jar:9.4.44.v20210927]
	at org.eclipse.jetty.server.handler.ScopedHandler.nextHandle(ScopedHandler.java:235) ~[jetty-server-9.4.44.v20210927.jar:9.4.44.v20210927]
	at org.eclipse.jetty.server.session.SessionHandler.doHandle(SessionHandler.java:1624) ~[jetty-server-9.4.44.v20210927.jar:9.4.44.v20210927]
	at org.eclipse.jetty.server.handler.ScopedHandler.nextHandle(ScopedHandler.java:233) ~[jetty-server-9.4.44.v20210927.jar:9.4.44.v20210927]
	at org.eclipse.jetty.server.handler.ContextHandler.doHandle(ContextHandler.java:1434) ~[jetty-server-9.4.44.v20210927.jar:9.4.44.v20210927]
	at org.eclipse.jetty.server.handler.ScopedHandler.nextScope(ScopedHandler.java:188) ~[jetty-server-9.4.44.v20210927.jar:9.4.44.v20210927]
	at org.eclipse.jetty.servlet.ServletHandler.doScope(ServletHandler.java:501) ~[jetty-servlet-9.4.44.v20210927.jar:9.4.44.v20210927]
	at org.eclipse.jetty.server.session.SessionHandler.doScope(SessionHandler.java:1594) ~[jetty-server-9.4.44.v20210927.jar:9.4.44.v20210927]
	at org.eclipse.jetty.server.handler.ScopedHandler.nextScope(ScopedHandler.java:186) ~[jetty-server-9.4.44.v20210927.jar:9.4.44.v20210927]
	at org.eclipse.jetty.server.handler.ContextHandler.doScope(ContextHandler.java:1349) ~[jetty-server-9.4.44.v20210927.jar:9.4.44.v20210927]
	at org.eclipse.jetty.server.handler.ScopedHandler.handle(ScopedHandler.java:141) ~[jetty-server-9.4.44.v20210927.jar:9.4.44.v20210927]
	at org.eclipse.jetty.server.handler.ContextHandlerCollection.handle(ContextHandlerCollection.java:191) ~[jetty-server-9.4.44.v20210927.jar:9.4.44.v20210927]
	at org.eclipse.jetty.server.handler.InetAccessHandler.handle(InetAccessHandler.java:177) ~[jetty-server-9.4.44.v20210927.jar:9.4.44.v20210927]
	at org.eclipse.jetty.server.handler.HandlerCollection.handle(HandlerCollection.java:146) ~[jetty-server-9.4.44.v20210927.jar:9.4.44.v20210927]
	at org.eclipse.jetty.server.handler.HandlerWrapper.handle(HandlerWrapper.java:127) ~[jetty-server-9.4.44.v20210927.jar:9.4.44.v20210927]
	at org.eclipse.jetty.rewrite.handler.RewriteHandler.handle(RewriteHandler.java:322) ~[jetty-rewrite-9.4.44.v20210927.jar:9.4.44.v20210927]
	at org.eclipse.jetty.server.handler.gzip.GzipHandler.handle(GzipHandler.java:763) ~[jetty-server-9.4.44.v20210927.jar:9.4.44.v20210927]
	at org.eclipse.jetty.server.handler.HandlerWrapper.handle(HandlerWrapper.java:127) ~[jetty-server-9.4.44.v20210927.jar:9.4.44.v20210927]
	at org.eclipse.jetty.server.Server.handle(Server.java:516) ~[jetty-server-9.4.44.v20210927.jar:9.4.44.v20210927]
	at org.eclipse.jetty.server.HttpChannel.lambda$handle$1(HttpChannel.java:400) ~[jetty-server-9.4.44.v20210927.jar:9.4.44.v20210927]
	at org.eclipse.jetty.server.HttpChannel.dispatch(HttpChannel.java:645) ~[jetty-server-9.4.44.v20210927.jar:9.4.44.v20210927]
	at org.eclipse.jetty.server.HttpChannel.handle(HttpChannel.java:392) ~[jetty-server-9.4.44.v20210927.jar:9.4.44.v20210927]
	at org.eclipse.jetty.server.HttpConnection.onFillable(HttpConnection.java:277) ~[jetty-server-9.4.44.v20210927.jar:9.4.44.v20210927]
	at org.eclipse.jetty.io.AbstractConnection$ReadCallback.succeeded(AbstractConnection.java:311) ~[jetty-io-9.4.44.v20210927.jar:9.4.44.v20210927]
	at org.eclipse.jetty.io.FillInterest.fillable(FillInterest.java:105) ~[jetty-io-9.4.44.v20210927.jar:9.4.44.v20210927]
	at org.eclipse.jetty.io.ChannelEndPoint$1.run(ChannelEndPoint.java:104) ~[jetty-io-9.4.44.v20210927.jar:9.4.44.v20210927]
	at org.eclipse.jetty.util.thread.strategy.EatWhatYouKill.runTask(EatWhatYouKill.java:338) ~[jetty-util-9.4.44.v20210927.jar:9.4.44.v20210927]
	at org.eclipse.jetty.util.thread.strategy.EatWhatYouKill.doProduce(EatWhatYouKill.java:315) ~[jetty-util-9.4.44.v20210927.jar:9.4.44.v20210927]
	at org.eclipse.jetty.util.thread.strategy.EatWhatYouKill.tryProduce(EatWhatYouKill.java:173) ~[jetty-util-9.4.44.v20210927.jar:9.4.44.v20210927]
	at org.eclipse.jetty.util.thread.strategy.EatWhatYouKill.run(EatWhatYouKill.java:131) ~[jetty-util-9.4.44.v20210927.jar:9.4.44.v20210927]
	at org.eclipse.jetty.util.thread.ReservedThreadExecutor$ReservedThread.run(ReservedThreadExecutor.java:409) ~[jetty-util-9.4.44.v20210927.jar:9.4.44.v20210927]
	at org.eclipse.jetty.util.thread.QueuedThreadPool.runJob(QueuedThreadPool.java:883) ~[jetty-util-9.4.44.v20210927.jar:9.4.44.v20210927]
	at org.eclipse.jetty.util.thread.QueuedThreadPool$Runner.run(QueuedThreadPool.java:1034) ~[jetty-util-9.4.44.v20210927.jar:9.4.44.v20210927]
	at java.lang.Thread.run(Thread.java:1589) [?:?]
Caused by: org.apache.solr.search.SyntaxError: Cannot parse '"category": "DIY_Tools"': Encountered " ":" ": "" at line 1, column 10.
Was expecting one of:
    <EOF> 
    <AND> ...
    <OR> ...
    <NOT> ...
    "+" ...
    "-" ...
    <BAREOPER> ...
    "(" ...
    "*" ...
    "^" ...
    <QUOTED> ...
    <TERM> ...
    <FUZZY_SLOP> ...
    <PREFIXTERM> ...
    <WILDTERM> ...
    <REGEXPTERM> ...
    "[" ...
    "{" ...
    <LPARAMS> ...
    "filter(" ...
    <NUMBER> ...
    
	at org.apache.solr.parser.SolrQueryParserBase.parse(SolrQueryParserBase.java:274) ~[?:?]
	at org.apache.solr.search.LuceneQParser.parse(LuceneQParser.java:49) ~[?:?]
	at org.apache.solr.search.QParser.getQuery(QParser.java:174) ~[?:?]
	at org.apache.solr.handler.component.QueryComponent.prepare(QueryComponent.java:162) ~[?:?]
	... 46 more
Caused by: org.apache.solr.parser.ParseException: Encountered " ":" ": "" at line 1, column 10.
Was expecting one of:
    <EOF> 
    <AND> ...
    <OR> ...
    <NOT> ...
    "+" ...
    "-" ...
    <BAREOPER> ...
    "(" ...
    "*" ...
    "^" ...
    <QUOTED> ...
    <TERM> ...
    <FUZZY_SLOP> ...
    <PREFIXTERM> ...
    <WILDTERM> ...
    <REGEXPTERM> ...
    "[" ...
    "{" ...
    <LPARAMS> ...
    "filter(" ...
    <NUMBER> ...
    
	at org.apache.solr.parser.QueryParser.generateParseException(QueryParser.java:885) ~[?:?]
	at org.apache.solr.parser.QueryParser.jj_consume_token(QueryParser.java:767) ~[?:?]
	at org.apache.solr.parser.QueryParser.TopLevelQuery(QueryParser.java:132) ~[?:?]
	at org.apache.solr.parser.SolrQueryParserBase.parse(SolrQueryParserBase.java:270) ~[?:?]
	at org.apache.solr.search.LuceneQParser.parse(LuceneQParser.java:49) ~[?:?]
	at org.apache.solr.search.QParser.getQuery(QParser.java:174) ~[?:?]
	at org.apache.solr.handler.component.QueryComponent.prepare(QueryComponent.java:162) ~[?:?]
	... 46 more
2023-03-19 14:46:22.686 INFO  (qtp156710276-35) [   x:Combined] o.a.s.c.S.Request [Combined]  webapp=/solr path=/select params={q="category":+"DIY_Tools"&indent=true&q.op=OR&rows=1000&_=1679236658241} status=400 QTime=5
2023-03-19 14:46:22.998 INFO  (qtp156710276-37) [   ] o.a.s.s.HttpSolrCall [admin] webapp=null path=/admin/cores params={indexInfo=false&wt=json&_=1679236324940} status=0 QTime=0
2023-03-19 14:46:23.011 INFO  (qtp156710276-29) [   ] o.a.s.s.HttpSolrCall [admin] webapp=null path=/admin/info/system params={wt=json&_=1679236324944} status=0 QTime=8
2023-03-19 14:46:23.035 ERROR (qtp156710276-37) [   x:Combined] o.a.s.h.RequestHandlerBase org.apache.solr.common.SolrException: org.apache.solr.search.SyntaxError: Cannot parse '"category": "DIY_Tools"': Encountered " ":" ": "" at line 1, column 10.
Was expecting one of:
    <EOF> 
    <AND> ...
    <OR> ...
    <NOT> ...
    "+" ...
    "-" ...
    <BAREOPER> ...
    "(" ...
    "*" ...
    "^" ...
    <QUOTED> ...
    <TERM> ...
    <FUZZY_SLOP> ...
    <PREFIXTERM> ...
    <WILDTERM> ...
    <REGEXPTERM> ...
    "[" ...
    "{" ...
    <LPARAMS> ...
    "filter(" ...
    <NUMBER> ...
     => org.apache.solr.common.SolrException: org.apache.solr.search.SyntaxError: Cannot parse '"category": "DIY_Tools"': Encountered " ":" ": "" at line 1, column 10.
Was expecting one of:
org.apache.solr.common.SolrException: org.apache.solr.search.SyntaxError: Cannot parse '"category": "DIY_Tools"': Encountered " ":" ": "" at line 1, column 10.
Was expecting one of:
    <EOF> 
    <AND> ...
    <OR> ...
    <NOT> ...
    "+" ...
    "-" ...
    <BAREOPER> ...
    "(" ...
    "*" ...
    "^" ...
    <QUOTED> ...
    <TERM> ...
    <FUZZY_SLOP> ...
    <PREFIXTERM> ...
    <WILDTERM> ...
    <REGEXPTERM> ...
    "[" ...
    "{" ...
    <LPARAMS> ...
    "filter(" ...
    <NUMBER> ...
    
	at org.apache.solr.handler.component.QueryComponent.prepare(QueryComponent.java:212) ~[?:?]
	at org.apache.solr.handler.component.SearchHandler.handleRequestBody(SearchHandler.java:334) ~[?:?]
	at org.apache.solr.handler.RequestHandlerBase.handleRequest(RequestHandlerBase.java:216) ~[?:?]
	at org.apache.solr.core.SolrCore.execute(SolrCore.java:2637) ~[?:?]
	at org.apache.solr.servlet.HttpSolrCall.execute(HttpSolrCall.java:791) ~[?:?]
	at org.apache.solr.servlet.HttpSolrCall.call(HttpSolrCall.java:564) ~[?:?]
	at org.apache.solr.servlet.SolrDispatchFilter.doFilter(SolrDispatchFilter.java:427) ~[?:?]
	at org.apache.solr.servlet.SolrDispatchFilter.doFilter(SolrDispatchFilter.java:357) ~[?:?]
	at org.eclipse.jetty.servlet.FilterHolder.doFilter(FilterHolder.java:201) ~[jetty-servlet-9.4.44.v20210927.jar:9.4.44.v20210927]
	at org.eclipse.jetty.servlet.ServletHandler$Chain.doFilter(ServletHandler.java:1601) ~[jetty-servlet-9.4.44.v20210927.jar:9.4.44.v20210927]
	at org.eclipse.jetty.servlet.ServletHandler.doHandle(ServletHandler.java:548) ~[jetty-servlet-9.4.44.v20210927.jar:9.4.44.v20210927]
	at org.eclipse.jetty.server.handler.ScopedHandler.handle(ScopedHandler.java:143) ~[jetty-server-9.4.44.v20210927.jar:9.4.44.v20210927]
	at org.eclipse.jetty.security.SecurityHandler.handle(SecurityHandler.java:600) ~[jetty-security-9.4.44.v20210927.jar:9.4.44.v20210927]
	at org.eclipse.jetty.server.handler.HandlerWrapper.handle(HandlerWrapper.java:127) ~[jetty-server-9.4.44.v20210927.jar:9.4.44.v20210927]
	at org.eclipse.jetty.server.handler.ScopedHandler.nextHandle(ScopedHandler.java:235) ~[jetty-server-9.4.44.v20210927.jar:9.4.44.v20210927]
	at org.eclipse.jetty.server.session.SessionHandler.doHandle(SessionHandler.java:1624) ~[jetty-server-9.4.44.v20210927.jar:9.4.44.v20210927]
	at org.eclipse.jetty.server.handler.ScopedHandler.nextHandle(ScopedHandler.java:233) ~[jetty-server-9.4.44.v20210927.jar:9.4.44.v20210927]
	at org.eclipse.jetty.server.handler.ContextHandler.doHandle(ContextHandler.java:1434) ~[jetty-server-9.4.44.v20210927.jar:9.4.44.v20210927]
	at org.eclipse.jetty.server.handler.ScopedHandler.nextScope(ScopedHandler.java:188) ~[jetty-server-9.4.44.v20210927.jar:9.4.44.v20210927]
	at org.eclipse.jetty.servlet.ServletHandler.doScope(ServletHandler.java:501) ~[jetty-servlet-9.4.44.v20210927.jar:9.4.44.v20210927]
	at org.eclipse.jetty.server.session.SessionHandler.doScope(SessionHandler.java:1594) ~[jetty-server-9.4.44.v20210927.jar:9.4.44.v20210927]
	at org.eclipse.jetty.server.handler.ScopedHandler.nextScope(ScopedHandler.java:186) ~[jetty-server-9.4.44.v20210927.jar:9.4.44.v20210927]
	at org.eclipse.jetty.server.handler.ContextHandler.doScope(ContextHandler.java:1349) ~[jetty-server-9.4.44.v20210927.jar:9.4.44.v20210927]
	at org.eclipse.jetty.server.handler.ScopedHandler.handle(ScopedHandler.java:141) ~[jetty-server-9.4.44.v20210927.jar:9.4.44.v20210927]
	at org.eclipse.jetty.server.handler.ContextHandlerCollection.handle(ContextHandlerCollection.java:191) ~[jetty-server-9.4.44.v20210927.jar:9.4.44.v20210927]
	at org.eclipse.jetty.server.handler.InetAccessHandler.handle(InetAccessHandler.java:177) ~[jetty-server-9.4.44.v20210927.jar:9.4.44.v20210927]
	at org.eclipse.jetty.server.handler.HandlerCollection.handle(HandlerCollection.java:146) ~[jetty-server-9.4.44.v20210927.jar:9.4.44.v20210927]
	at org.eclipse.jetty.server.handler.HandlerWrapper.handle(HandlerWrapper.java:127) ~[jetty-server-9.4.44.v20210927.jar:9.4.44.v20210927]
	at org.eclipse.jetty.rewrite.handler.RewriteHandler.handle(RewriteHandler.java:322) ~[jetty-rewrite-9.4.44.v20210927.jar:9.4.44.v20210927]
	at org.eclipse.jetty.server.handler.gzip.GzipHandler.handle(GzipHandler.java:763) ~[jetty-server-9.4.44.v20210927.jar:9.4.44.v20210927]
	at org.eclipse.jetty.server.handler.HandlerWrapper.handle(HandlerWrapper.java:127) ~[jetty-server-9.4.44.v20210927.jar:9.4.44.v20210927]
	at org.eclipse.jetty.server.Server.handle(Server.java:516) ~[jetty-server-9.4.44.v20210927.jar:9.4.44.v20210927]
	at org.eclipse.jetty.server.HttpChannel.lambda$handle$1(HttpChannel.java:400) ~[jetty-server-9.4.44.v20210927.jar:9.4.44.v20210927]
	at org.eclipse.jetty.server.HttpChannel.dispatch(HttpChannel.java:645) ~[jetty-server-9.4.44.v20210927.jar:9.4.44.v20210927]
	at org.eclipse.jetty.server.HttpChannel.handle(HttpChannel.java:392) ~[jetty-server-9.4.44.v20210927.jar:9.4.44.v20210927]
	at org.eclipse.jetty.server.HttpConnection.onFillable(HttpConnection.java:277) ~[jetty-server-9.4.44.v20210927.jar:9.4.44.v20210927]
	at org.eclipse.jetty.io.AbstractConnection$ReadCallback.succeeded(AbstractConnection.java:311) ~[jetty-io-9.4.44.v20210927.jar:9.4.44.v20210927]
	at org.eclipse.jetty.io.FillInterest.fillable(FillInterest.java:105) ~[jetty-io-9.4.44.v20210927.jar:9.4.44.v20210927]
	at org.eclipse.jetty.io.ChannelEndPoint$1.run(ChannelEndPoint.java:104) ~[jetty-io-9.4.44.v20210927.jar:9.4.44.v20210927]
	at org.eclipse.jetty.util.thread.strategy.EatWhatYouKill.runTask(EatWhatYouKill.java:338) ~[jetty-util-9.4.44.v20210927.jar:9.4.44.v20210927]
	at org.eclipse.jetty.util.thread.strategy.EatWhatYouKill.doProduce(EatWhatYouKill.java:315) ~[jetty-util-9.4.44.v20210927.jar:9.4.44.v20210927]
	at org.eclipse.jetty.util.thread.strategy.EatWhatYouKill.tryProduce(EatWhatYouKill.java:173) ~[jetty-util-9.4.44.v20210927.jar:9.4.44.v20210927]
	at org.eclipse.jetty.util.thread.strategy.EatWhatYouKill.run(EatWhatYouKill.java:131) ~[jetty-util-9.4.44.v20210927.jar:9.4.44.v20210927]
	at org.eclipse.jetty.util.thread.ReservedThreadExecutor$ReservedThread.run(ReservedThreadExecutor.java:409) ~[jetty-util-9.4.44.v20210927.jar:9.4.44.v20210927]
	at org.eclipse.jetty.util.thread.QueuedThreadPool.runJob(QueuedThreadPool.java:883) ~[jetty-util-9.4.44.v20210927.jar:9.4.44.v20210927]
	at org.eclipse.jetty.util.thread.QueuedThreadPool$Runner.run(QueuedThreadPool.java:1034) ~[jetty-util-9.4.44.v20210927.jar:9.4.44.v20210927]
	at java.lang.Thread.run(Thread.java:1589) [?:?]
Caused by: org.apache.solr.search.SyntaxError: Cannot parse '"category": "DIY_Tools"': Encountered " ":" ": "" at line 1, column 10.
Was expecting one of:
    <EOF> 
    <AND> ...
    <OR> ...
    <NOT> ...
    "+" ...
    "-" ...
    <BAREOPER> ...
    "(" ...
    "*" ...
    "^" ...
    <QUOTED> ...
    <TERM> ...
    <FUZZY_SLOP> ...
    <PREFIXTERM> ...
    <WILDTERM> ...
    <REGEXPTERM> ...
    "[" ...
    "{" ...
    <LPARAMS> ...
    "filter(" ...
    <NUMBER> ...
    
	at org.apache.solr.parser.SolrQueryParserBase.parse(SolrQueryParserBase.java:274) ~[?:?]
	at org.apache.solr.search.LuceneQParser.parse(LuceneQParser.java:49) ~[?:?]
	at org.apache.solr.search.QParser.getQuery(QParser.java:174) ~[?:?]
	at org.apache.solr.handler.component.QueryComponent.prepare(QueryComponent.java:162) ~[?:?]
	... 46 more
Caused by: org.apache.solr.parser.ParseException: Encountered " ":" ": "" at line 1, column 10.
Was expecting one of:
    <EOF> 
    <AND> ...
    <OR> ...
    <NOT> ...
    "+" ...
    "-" ...
    <BAREOPER> ...
    "(" ...
    "*" ...
    "^" ...
    <QUOTED> ...
    <TERM> ...
    <FUZZY_SLOP> ...
    <PREFIXTERM> ...
    <WILDTERM> ...
    <REGEXPTERM> ...
    "[" ...
    "{" ...
    <LPARAMS> ...
    "filter(" ...
    <NUMBER> ...
    
	at org.apache.solr.parser.QueryParser.generateParseException(QueryParser.java:885) ~[?:?]
	at org.apache.solr.parser.QueryParser.jj_consume_token(QueryParser.java:767) ~[?:?]
	at org.apache.solr.parser.QueryParser.TopLevelQuery(QueryParser.java:132) ~[?:?]
	at org.apache.solr.parser.SolrQueryParserBase.parse(SolrQueryParserBase.java:270) ~[?:?]
	at org.apache.solr.search.LuceneQParser.parse(LuceneQParser.java:49) ~[?:?]
	at org.apache.solr.search.QParser.getQuery(QParser.java:174) ~[?:?]
	at org.apache.solr.handler.component.QueryComponent.prepare(QueryComponent.java:162) ~[?:?]
	... 46 more
2023-03-19 14:46:23.035 INFO  (qtp156710276-37) [   x:Combined] o.a.s.c.S.Request [Combined]  webapp=/solr path=/select params={q="category":+"DIY_Tools"&indent=true&q.op=OR&rows=1000&_=1679236658241} status=400 QTime=1
2023-03-19 14:46:42.527 INFO  (qtp156710276-29) [   x:Combined] o.a.s.c.S.Request [Combined]  webapp=/solr path=/select params={q=category:+"DIY_Tools"&indent=true&q.op=OR&rows=1000&_=1679236658241} hits=769 status=0 QTime=24
2023-03-19 14:46:44.699 INFO  (qtp156710276-35) [   ] o.a.s.s.HttpSolrCall [admin] webapp=null path=/admin/cores params={indexInfo=false&wt=json&_=1679236324940} status=0 QTime=0
2023-03-19 14:46:44.723 INFO  (qtp156710276-35) [   ] o.a.s.s.HttpSolrCall [admin] webapp=null path=/admin/info/system params={wt=json&_=1679236324944} status=0 QTime=10
2023-03-19 14:46:44.725 INFO  (qtp156710276-33) [   x:Combined] o.a.s.c.S.Request [Combined]  webapp=/solr path=/select params={q=category:+"DIY_Tools"&indent=true&q.op=OR&rows=1000&_=1679236658241} hits=769 status=0 QTime=2
2023-03-19 14:47:00.530 INFO  (qtp156710276-34) [   x:Combined] o.a.s.c.S.Request [Combined]  webapp=/solr path=/select params={q=category:+'DIY_Tools'&indent=true&q.op=OR&rows=1000&_=1679236658241} hits=769 status=0 QTime=1
2023-03-19 14:47:02.426 INFO  (qtp156710276-33) [   ] o.a.s.s.HttpSolrCall [admin] webapp=null path=/admin/cores params={indexInfo=false&wt=json&_=1679236324940} status=0 QTime=0
2023-03-19 14:47:02.439 INFO  (qtp156710276-34) [   ] o.a.s.s.HttpSolrCall [admin] webapp=null path=/admin/info/system params={wt=json&_=1679236324944} status=0 QTime=3
2023-03-19 14:47:02.443 INFO  (qtp156710276-29) [   x:Combined] o.a.s.c.S.Request [Combined]  webapp=/solr path=/select params={q=category:+'DIY_Tools'&indent=true&q.op=OR&rows=1000&_=1679236658241} hits=769 status=0 QTime=2
2023-03-19 14:48:16.040 INFO  (qtp156710276-33) [   x:Combined] o.a.s.c.S.Request [Combined]  webapp=/solr path=/select params={q=title&rows=50&wt=json} hits=0 status=0 QTime=2
2023-03-19 14:51:26.309 INFO  (qtp156710276-56) [   x:Combined] o.a.s.c.S.Request [Combined]  webapp=/solr path=/select params={q=title:+6+inch+hammer+tool&rows=50&wt=json} hits=313 status=0 QTime=62
