[2023-03-30T22:28:39.632+0800][0.019s] CardTable entry size: 512
[2023-03-30T22:28:39.632+0800][0.020s] Using G1
[2023-03-30T22:28:40.559+0800][0.947s] Version: 19.0.2+7-44 (release)
[2023-03-30T22:28:40.560+0800][0.947s] CPUs: 4 total, 4 available
[2023-03-30T22:28:40.560+0800][0.947s] Memory: 8192M
[2023-03-30T22:28:40.560+0800][0.947s] Large Page Support: Disabled
[2023-03-30T22:28:40.560+0800][0.947s] NUMA Support: Disabled
[2023-03-30T22:28:40.560+0800][0.947s] Compressed Oops: Enabled (Zero based)
[2023-03-30T22:28:40.560+0800][0.947s] Heap Region Size: 1M
[2023-03-30T22:28:40.560+0800][0.947s] Heap Min Capacity: 512M
[2023-03-30T22:28:40.560+0800][0.947s] Heap Initial Capacity: 512M
[2023-03-30T22:28:40.560+0800][0.947s] Heap Max Capacity: 512M
[2023-03-30T22:28:40.560+0800][0.947s] Pre-touch: Enabled
[2023-03-30T22:28:40.560+0800][0.947s] Parallel Workers: 4
[2023-03-30T22:28:40.560+0800][0.947s] Concurrent Workers: 1
[2023-03-30T22:28:40.560+0800][0.947s] Concurrent Refinement Workers: 4
[2023-03-30T22:28:40.560+0800][0.947s] Periodic GC: Disabled
[2023-03-30T22:28:40.560+0800][0.948s] CDS archive(s) mapped at: [0x0000000800000000-0x0000000800c48000-0x0000000800c48000), size 12877824, SharedBaseAddress: 0x0000000800000000, ArchiveRelocationMode: 0.
[2023-03-30T22:28:40.560+0800][0.948s] Compressed class space mapped at: 0x0000000801000000-0x0000000841000000, reserved size: 1073741824
[2023-03-30T22:28:40.560+0800][0.948s] Narrow klass base: 0x0000000800000000, Narrow klass shift: 0, Narrow klass range: 0x100000000
[2023-03-30T22:28:43.970+0800][4.358s] GC(0) Pause Young (Normal) (G1 Evacuation Pause)
[2023-03-30T22:28:43.972+0800][4.359s] GC(0) Using 4 workers of 4 for evacuation
[2023-03-30T22:28:43.980+0800][4.367s] GC(0)   Pre Evacuate Collection Set: 0.1ms
[2023-03-30T22:28:43.980+0800][4.367s] GC(0)   Merge Heap Roots: 0.1ms
[2023-03-30T22:28:43.980+0800][4.367s] GC(0)   Evacuate Collection Set: 6.3ms
[2023-03-30T22:28:43.980+0800][4.367s] GC(0)   Post Evacuate Collection Set: 1.1ms
[2023-03-30T22:28:43.980+0800][4.367s] GC(0)   Other: 0.4ms
[2023-03-30T22:28:43.980+0800][4.367s] GC(0) Eden regions: 25->0(40)
[2023-03-30T22:28:43.980+0800][4.367s] GC(0) Survivor regions: 0->4(4)
[2023-03-30T22:28:43.980+0800][4.367s] GC(0) Old regions: 0->0
[2023-03-30T22:28:43.980+0800][4.367s] GC(0) Archive regions: 2->2
[2023-03-30T22:28:43.980+0800][4.367s] GC(0) Humongous regions: 0->0
[2023-03-30T22:28:43.980+0800][4.367s] GC(0) Metaspace: 9565K(9856K)->9565K(9856K) NonClass: 8482K(8640K)->8482K(8640K) Class: 1082K(1216K)->1082K(1216K)
[2023-03-30T22:28:43.980+0800][4.367s] GC(0) Pause Young (Normal) (G1 Evacuation Pause) 25M->4M(512M) 9.553ms
[2023-03-30T22:28:43.980+0800][4.367s] GC(0) User=0.02s Sys=0.01s Real=0.01s
[2023-03-30T22:28:46.230+0800][6.618s] GC(1) Pause Young (Normal) (G1 Evacuation Pause)
[2023-03-30T22:28:46.230+0800][6.618s] GC(1) Using 4 workers of 4 for evacuation
[2023-03-30T22:28:46.251+0800][6.638s] GC(1)   Pre Evacuate Collection Set: 0.1ms
[2023-03-30T22:28:46.251+0800][6.638s] GC(1)   Merge Heap Roots: 0.1ms
[2023-03-30T22:28:46.251+0800][6.638s] GC(1)   Evacuate Collection Set: 19.1ms
[2023-03-30T22:28:46.251+0800][6.638s] GC(1)   Post Evacuate Collection Set: 0.8ms
[2023-03-30T22:28:46.251+0800][6.638s] GC(1)   Other: 0.1ms
[2023-03-30T22:28:46.251+0800][6.638s] GC(1) Eden regions: 40->0(38)
[2023-03-30T22:28:46.251+0800][6.638s] GC(1) Survivor regions: 4->6(6)
[2023-03-30T22:28:46.251+0800][6.638s] GC(1) Old regions: 0->10
[2023-03-30T22:28:46.251+0800][6.638s] GC(1) Archive regions: 2->2
[2023-03-30T22:28:46.251+0800][6.638s] GC(1) Humongous regions: 4->4
[2023-03-30T22:28:46.251+0800][6.638s] GC(1) Metaspace: 16447K(16768K)->16447K(16768K) NonClass: 14582K(14784K)->14582K(14784K) Class: 1865K(1984K)->1865K(1984K)
[2023-03-30T22:28:46.251+0800][6.638s] GC(1) Pause Young (Normal) (G1 Evacuation Pause) 48M->20M(512M) 20.468ms
[2023-03-30T22:28:46.251+0800][6.638s] GC(1) User=0.06s Sys=0.01s Real=0.02s
[2023-03-30T22:28:48.065+0800][8.452s] GC(2) Pause Young (Concurrent Start) (Metadata GC Threshold)
[2023-03-30T22:28:48.065+0800][8.452s] GC(2) Using 4 workers of 4 for evacuation
[2023-03-30T22:28:48.086+0800][8.474s] GC(2)   Pre Evacuate Collection Set: 0.5ms
[2023-03-30T22:28:48.087+0800][8.474s] GC(2)   Merge Heap Roots: 0.0ms
[2023-03-30T22:28:48.087+0800][8.474s] GC(2)   Evacuate Collection Set: 19.2ms
[2023-03-30T22:28:48.087+0800][8.474s] GC(2)   Post Evacuate Collection Set: 1.6ms
[2023-03-30T22:28:48.087+0800][8.474s] GC(2)   Other: 0.1ms
[2023-03-30T22:28:48.087+0800][8.474s] GC(2) Eden regions: 38->0(94)
[2023-03-30T22:28:48.087+0800][8.474s] GC(2) Survivor regions: 6->5(6)
[2023-03-30T22:28:48.087+0800][8.474s] GC(2) Old regions: 10->16
[2023-03-30T22:28:48.087+0800][8.474s] GC(2) Archive regions: 2->2
[2023-03-30T22:28:48.087+0800][8.474s] GC(2) Humongous regions: 4->4
[2023-03-30T22:28:48.087+0800][8.474s] GC(2) Metaspace: 21158K(21504K)->21158K(21504K) NonClass: 18831K(19008K)->18831K(19008K) Class: 2326K(2496K)->2326K(2496K)
[2023-03-30T22:28:48.087+0800][8.474s] GC(2) Pause Young (Concurrent Start) (Metadata GC Threshold) 57M->24M(512M) 21.865ms
[2023-03-30T22:28:48.087+0800][8.474s] GC(3) Concurrent Mark Cycle
[2023-03-30T22:28:48.087+0800][8.474s] GC(2) User=0.03s Sys=0.01s Real=0.02s
[2023-03-30T22:28:48.087+0800][8.474s] GC(3) Concurrent Clear Claimed Marks
[2023-03-30T22:28:48.087+0800][8.474s] GC(3) Concurrent Clear Claimed Marks 0.076ms
[2023-03-30T22:28:48.087+0800][8.474s] GC(3) Concurrent Scan Root Regions
[2023-03-30T22:28:48.092+0800][8.480s] GC(3) Concurrent Scan Root Regions 5.368ms
[2023-03-30T22:28:48.092+0800][8.480s] GC(3) Concurrent Mark
[2023-03-30T22:28:48.092+0800][8.480s] GC(3) Concurrent Mark From Roots
[2023-03-30T22:28:48.092+0800][8.480s] GC(3) Using 1 workers of 1 for marking
[2023-03-30T22:28:48.134+0800][8.521s] GC(3) Concurrent Mark From Roots 41.754ms
[2023-03-30T22:28:48.134+0800][8.521s] GC(3) Concurrent Preclean
[2023-03-30T22:28:48.135+0800][8.522s] GC(3) Concurrent Preclean 0.598ms
[2023-03-30T22:28:48.136+0800][8.523s] GC(3) Pause Remark
[2023-03-30T22:28:48.141+0800][8.528s] GC(3) Pause Remark 26M->26M(512M) 5.370ms
[2023-03-30T22:28:48.141+0800][8.528s] GC(3) User=0.00s Sys=0.00s Real=0.01s
[2023-03-30T22:28:48.151+0800][8.538s] GC(3) Concurrent Mark 58.623ms
[2023-03-30T22:28:48.151+0800][8.538s] GC(3) Concurrent Rebuild Remembered Sets
[2023-03-30T22:28:48.179+0800][8.566s] GC(3) Concurrent Rebuild Remembered Sets 27.506ms
[2023-03-30T22:28:48.179+0800][8.566s] GC(3) Pause Cleanup
[2023-03-30T22:28:48.179+0800][8.566s] GC(3) Pause Cleanup 27M->27M(512M) 0.123ms
[2023-03-30T22:28:48.179+0800][8.566s] GC(3) User=0.00s Sys=0.00s Real=0.00s
[2023-03-30T22:28:48.179+0800][8.567s] GC(3) Concurrent Cleanup for Next Mark
[2023-03-30T22:28:48.182+0800][8.569s] GC(3) Concurrent Cleanup for Next Mark 2.382ms
[2023-03-30T22:28:48.182+0800][8.569s] GC(3) Concurrent Mark Cycle 95.317ms
[2023-03-30T22:28:55.989+0800][16.376s] GC(4) Pause Young (Concurrent Start) (Metadata GC Threshold)
[2023-03-30T22:28:55.990+0800][16.377s] GC(4) Using 4 workers of 4 for evacuation
[2023-03-30T22:28:56.013+0800][16.400s] GC(4)   Pre Evacuate Collection Set: 0.2ms
[2023-03-30T22:28:56.013+0800][16.400s] GC(4)   Merge Heap Roots: 0.1ms
[2023-03-30T22:28:56.013+0800][16.400s] GC(4)   Evacuate Collection Set: 11.1ms
[2023-03-30T22:28:56.013+0800][16.400s] GC(4)   Post Evacuate Collection Set: 11.5ms
[2023-03-30T22:28:56.013+0800][16.400s] GC(4)   Other: 0.2ms
[2023-03-30T22:28:56.013+0800][16.400s] GC(4) Eden regions: 83->0(244)
[2023-03-30T22:28:56.013+0800][16.400s] GC(4) Survivor regions: 5->10(15)
[2023-03-30T22:28:56.013+0800][16.400s] GC(4) Old regions: 16->16
[2023-03-30T22:28:56.013+0800][16.400s] GC(4) Archive regions: 2->2
[2023-03-30T22:28:56.013+0800][16.400s] GC(4) Humongous regions: 4->4
[2023-03-30T22:28:56.013+0800][16.400s] GC(4) Metaspace: 35855K(36288K)->35855K(36288K) NonClass: 31780K(32000K)->31780K(32000K) Class: 4074K(4288K)->4074K(4288K)
[2023-03-30T22:28:56.013+0800][16.400s] GC(4) Pause Young (Concurrent Start) (Metadata GC Threshold) 107M->29M(512M) 23.704ms
[2023-03-30T22:28:56.013+0800][16.400s] GC(4) User=0.04s Sys=0.01s Real=0.03s
[2023-03-30T22:28:56.013+0800][16.400s] GC(5) Concurrent Mark Cycle
[2023-03-30T22:28:56.013+0800][16.400s] GC(5) Concurrent Clear Claimed Marks
[2023-03-30T22:28:56.013+0800][16.400s] GC(5) Concurrent Clear Claimed Marks 0.052ms
[2023-03-30T22:28:56.013+0800][16.400s] GC(5) Concurrent Scan Root Regions
[2023-03-30T22:28:56.023+0800][16.410s] GC(5) Concurrent Scan Root Regions 9.526ms
[2023-03-30T22:28:56.023+0800][16.410s] GC(5) Concurrent Mark
[2023-03-30T22:28:56.023+0800][16.410s] GC(5) Concurrent Mark From Roots
[2023-03-30T22:28:56.023+0800][16.410s] GC(5) Using 1 workers of 1 for marking
[2023-03-30T22:28:56.079+0800][16.466s] GC(5) Concurrent Mark From Roots 55.948ms
[2023-03-30T22:28:56.079+0800][16.466s] GC(5) Concurrent Preclean
[2023-03-30T22:28:56.079+0800][16.466s] GC(5) Concurrent Preclean 0.117ms
[2023-03-30T22:28:56.080+0800][16.467s] GC(5) Pause Remark
[2023-03-30T22:28:56.106+0800][16.493s] GC(5) Pause Remark 31M->31M(512M) 26.496ms
[2023-03-30T22:28:56.106+0800][16.493s] GC(5) User=0.01s Sys=0.01s Real=0.02s
[2023-03-30T22:28:56.118+0800][16.505s] GC(5) Concurrent Mark 95.088ms
[2023-03-30T22:28:56.118+0800][16.505s] GC(5) Concurrent Rebuild Remembered Sets
[2023-03-30T22:28:56.163+0800][16.549s] GC(5) Concurrent Rebuild Remembered Sets 44.332ms
[2023-03-30T22:28:56.163+0800][16.550s] GC(5) Pause Cleanup
[2023-03-30T22:28:56.163+0800][16.550s] GC(5) Pause Cleanup 32M->32M(512M) 0.124ms
[2023-03-30T22:28:56.163+0800][16.550s] GC(5) User=0.00s Sys=0.00s Real=0.00s
[2023-03-30T22:28:56.173+0800][16.560s] GC(5) Concurrent Cleanup for Next Mark
[2023-03-30T22:28:56.183+0800][16.570s] GC(5) Concurrent Cleanup for Next Mark 9.500ms
[2023-03-30T22:28:56.183+0800][16.570s] GC(5) Concurrent Mark Cycle 169.588ms
[2023-03-30T22:29:49.447+0800][69.833s] GC(6) Pause Young (Prepare Mixed) (G1 Evacuation Pause)
[2023-03-30T22:29:49.449+0800][69.834s] GC(6) Using 4 workers of 4 for evacuation
[2023-03-30T22:29:49.504+0800][69.889s] GC(6)   Pre Evacuate Collection Set: 1.1ms
[2023-03-30T22:29:49.504+0800][69.889s] GC(6)   Merge Heap Roots: 0.2ms
[2023-03-30T22:29:49.504+0800][69.889s] GC(6)   Evacuate Collection Set: 52.1ms
[2023-03-30T22:29:49.504+0800][69.889s] GC(6)   Post Evacuate Collection Set: 1.5ms
[2023-03-30T22:29:49.504+0800][69.889s] GC(6)   Other: 0.3ms
[2023-03-30T22:29:49.504+0800][69.889s] GC(6) Eden regions: 286->0(1)
[2023-03-30T22:29:49.504+0800][69.890s] GC(6) Survivor regions: 10->30(37)
[2023-03-30T22:29:49.504+0800][69.890s] GC(6) Old regions: 16->16
[2023-03-30T22:29:49.504+0800][69.890s] GC(6) Archive regions: 2->2
[2023-03-30T22:29:49.504+0800][69.890s] GC(6) Humongous regions: 8->7
[2023-03-30T22:29:49.504+0800][69.890s] GC(6) Metaspace: 52058K(52608K)->52058K(52608K) NonClass: 46158K(46464K)->46158K(46464K) Class: 5899K(6144K)->5899K(6144K)
[2023-03-30T22:29:49.504+0800][69.890s] GC(6) Pause Young (Prepare Mixed) (G1 Evacuation Pause) 319M->52M(512M) 56.914ms
[2023-03-30T22:29:49.504+0800][69.890s] GC(6) User=0.10s Sys=0.04s Real=0.06s
[2023-03-30T22:29:49.505+0800][69.890s] GC(7) Pause Young (Mixed) (G1 Evacuation Pause)
[2023-03-30T22:29:49.505+0800][69.890s] GC(7) Using 4 workers of 4 for evacuation
[2023-03-30T22:29:49.577+0800][69.963s] GC(7)   Pre Evacuate Collection Set: 0.2ms
[2023-03-30T22:29:49.577+0800][69.963s] GC(7)   Merge Heap Roots: 0.1ms
[2023-03-30T22:29:49.577+0800][69.963s] GC(7)   Evacuate Collection Set: 64.4ms
[2023-03-30T22:29:49.577+0800][69.963s] GC(7)   Post Evacuate Collection Set: 7.3ms
[2023-03-30T22:29:49.577+0800][69.963s] GC(7)   Other: 0.1ms
[2023-03-30T22:29:49.577+0800][69.963s] GC(7) Eden regions: 1->0(279)
[2023-03-30T22:29:49.577+0800][69.963s] GC(7) Survivor regions: 30->1(4)
[2023-03-30T22:29:49.577+0800][69.963s] GC(7) Old regions: 16->45
[2023-03-30T22:29:49.577+0800][69.963s] GC(7) Archive regions: 2->2
[2023-03-30T22:29:49.578+0800][69.963s] GC(7) Humongous regions: 7->7
[2023-03-30T22:29:49.578+0800][69.963s] GC(7) Metaspace: 52058K(52608K)->52058K(52608K) NonClass: 46158K(46464K)->46158K(46464K) Class: 5899K(6144K)->5899K(6144K)
[2023-03-30T22:29:49.578+0800][69.963s] GC(7) Pause Young (Mixed) (G1 Evacuation Pause) 53M->53M(512M) 73.010ms
[2023-03-30T22:29:49.578+0800][69.963s] GC(7) User=0.09s Sys=0.03s Real=0.07s
[2023-03-30T22:29:58.926+0800][79.311s] GC(8) Pause Young (Normal) (G1 Evacuation Pause)
[2023-03-30T22:29:58.928+0800][79.313s] GC(8) Using 4 workers of 4 for evacuation
[2023-03-30T22:29:58.940+0800][79.325s] GC(8)   Pre Evacuate Collection Set: 0.2ms
[2023-03-30T22:29:58.940+0800][79.325s] GC(8)   Merge Heap Roots: 0.1ms
[2023-03-30T22:29:58.941+0800][79.326s] GC(8)   Evacuate Collection Set: 11.1ms
[2023-03-30T22:29:58.941+0800][79.326s] GC(8)   Post Evacuate Collection Set: 0.6ms
[2023-03-30T22:29:58.941+0800][79.326s] GC(8)   Other: 0.6ms
[2023-03-30T22:29:58.941+0800][79.326s] GC(8) Eden regions: 279->0(301)
[2023-03-30T22:29:58.941+0800][79.326s] GC(8) Survivor regions: 1->6(35)
[2023-03-30T22:29:58.941+0800][79.326s] GC(8) Old regions: 45->45
[2023-03-30T22:29:58.941+0800][79.326s] GC(8) Archive regions: 2->2
[2023-03-30T22:29:58.941+0800][79.326s] GC(8) Humongous regions: 7->7
[2023-03-30T22:29:58.941+0800][79.326s] GC(8) Metaspace: 53161K(53760K)->53161K(53760K) NonClass: 47154K(47488K)->47154K(47488K) Class: 6007K(6272K)->6007K(6272K)
[2023-03-30T22:29:58.941+0800][79.326s] GC(8) Pause Young (Normal) (G1 Evacuation Pause) 332M->58M(512M) 14.639ms
[2023-03-30T22:29:58.941+0800][79.326s] GC(8) User=0.02s Sys=0.00s Real=0.02s
[2023-03-30T22:30:12.050+0800][92.434s] GC(9) Pause Young (Normal) (G1 Evacuation Pause)
[2023-03-30T22:30:12.050+0800][92.434s] GC(9) Using 4 workers of 4 for evacuation
[2023-03-30T22:30:12.054+0800][92.439s] GC(9)   Pre Evacuate Collection Set: 0.1ms
[2023-03-30T22:30:12.054+0800][92.439s] GC(9)   Merge Heap Roots: 0.1ms
[2023-03-30T22:30:12.054+0800][92.439s] GC(9)   Evacuate Collection Set: 3.1ms
[2023-03-30T22:30:12.054+0800][92.439s] GC(9)   Post Evacuate Collection Set: 0.8ms
[2023-03-30T22:30:12.054+0800][92.439s] GC(9)   Other: 0.2ms
[2023-03-30T22:30:12.054+0800][92.439s] GC(9) Eden regions: 301->0(298)
[2023-03-30T22:30:12.054+0800][92.439s] GC(9) Survivor regions: 6->9(39)
[2023-03-30T22:30:12.054+0800][92.439s] GC(9) Old regions: 45->45
[2023-03-30T22:30:12.054+0800][92.439s] GC(9) Archive regions: 2->2
[2023-03-30T22:30:12.054+0800][92.439s] GC(9) Humongous regions: 7->7
[2023-03-30T22:30:12.054+0800][92.439s] GC(9) Metaspace: 53442K(53952K)->53442K(53952K) NonClass: 47431K(47680K)->47431K(47680K) Class: 6011K(6272K)->6011K(6272K)
[2023-03-30T22:30:12.054+0800][92.439s] GC(9) Pause Young (Normal) (G1 Evacuation Pause) 359M->61M(512M) 4.646ms
[2023-03-30T22:30:12.054+0800][92.439s] GC(9) User=0.01s Sys=0.00s Real=0.00s
[2023-03-30T22:30:20.606+0800][100.990s] GC(10) Pause Young (Normal) (G1 Evacuation Pause)
[2023-03-30T22:30:20.606+0800][100.990s] GC(10) Using 4 workers of 4 for evacuation
[2023-03-30T22:30:20.621+0800][101.005s] GC(10)   Pre Evacuate Collection Set: 0.1ms
[2023-03-30T22:30:20.621+0800][101.005s] GC(10)   Merge Heap Roots: 0.1ms
[2023-03-30T22:30:20.621+0800][101.005s] GC(10)   Evacuate Collection Set: 14.1ms
[2023-03-30T22:30:20.621+0800][101.005s] GC(10)   Post Evacuate Collection Set: 0.6ms
[2023-03-30T22:30:20.621+0800][101.005s] GC(10)   Other: 0.1ms
[2023-03-30T22:30:20.621+0800][101.005s] GC(10) Eden regions: 298->0(301)
[2023-03-30T22:30:20.621+0800][101.005s] GC(10) Survivor regions: 9->6(39)
[2023-03-30T22:30:20.621+0800][101.005s] GC(10) Old regions: 45->45
[2023-03-30T22:30:20.621+0800][101.005s] GC(10) Archive regions: 2->2
[2023-03-30T22:30:20.621+0800][101.005s] GC(10) Humongous regions: 7->7
[2023-03-30T22:30:20.621+0800][101.005s] GC(10) Metaspace: 53648K(54208K)->53648K(54208K) NonClass: 47629K(47936K)->47629K(47936K) Class: 6018K(6272K)->6018K(6272K)
[2023-03-30T22:30:20.621+0800][101.006s] GC(10) Pause Young (Normal) (G1 Evacuation Pause) 359M->58M(512M) 15.600ms
[2023-03-30T22:30:20.621+0800][101.006s] GC(10) User=0.01s Sys=0.00s Real=0.02s
